#
# There is insufficient memory for the Java Runtime Environment to continue.
# Native memory allocation (malloc) failed to allocate 245072 bytes for Chunk::new
# Possible reasons:
#   The system is out of physical RAM or swap space
#   In 32 bit mode, the process size limit was hit
# Possible solutions:
#   Reduce memory load on the system
#   Increase physical memory or swap space
#   Check if swap backing store is full
#   Use 64 bit Java on a 64 bit OS
#   Decrease Java heap size (-Xmx/-Xms)
#   Decrease number of Java threads
#   Decrease Java thread stack sizes (-Xss)
#   Set larger code cache with -XX:ReservedCodeCacheSize=
# This output file may be truncated or incomplete.
#
#  Out of Memory Error (allocation.cpp:328), pid=1088, tid=13628
#
# JRE version: 7.0_07-b11
# Java VM: Java HotSpot(TM) 64-Bit Server VM (23.3-b01 mixed mode windows-amd64 compressed oops)
# Failed to write core dump. Minidumps are not enabled by default on client versions of Windows
#

---------------  T H R E A D  ---------------

Current thread (0x000000000937f000):  JavaThread "C2 CompilerThread0" daemon [_thread_in_native, id=13628, stack(0x000000000a930000,0x000000000aa30000)]

Stack: [0x000000000a930000,0x000000000aa30000]

Current CompileTask:
C2:   1348  125             com.android.dx.ssa.SsaMethod::computeReachability (131 bytes)


---------------  P R O C E S S  ---------------

Java Threads: ( => current thread )
  0x000000000ae37000 JavaThread "pool-2-thread-4" [_thread_in_Java, id=3764, stack(0x000000000b530000,0x000000000b630000)]
  0x000000000ae36000 JavaThread "pool-2-thread-3" [_thread_in_Java, id=12576, stack(0x000000000b430000,0x000000000b530000)]
  0x000000000ae33800 JavaThread "pool-2-thread-2" [_thread_in_Java, id=10672, stack(0x000000000b330000,0x000000000b430000)]
  0x000000000ae1f000 JavaThread "pool-3-thread-1" [_thread_blocked, id=3676, stack(0x000000000b230000,0x000000000b330000)]
  0x00000000093c6000 JavaThread "pool-2-thread-1" [_thread_in_Java, id=5008, stack(0x000000000b130000,0x000000000b230000)]
  0x0000000009391000 JavaThread "Service Thread" daemon [_thread_blocked, id=8748, stack(0x000000000ab30000,0x000000000ac30000)]
  0x0000000009389000 JavaThread "C2 CompilerThread1" daemon [_thread_in_native, id=11116, stack(0x000000000aa30000,0x000000000ab30000)]
=>0x000000000937f000 JavaThread "C2 CompilerThread0" daemon [_thread_in_native, id=13628, stack(0x000000000a930000,0x000000000aa30000)]
  0x000000000937e000 JavaThread "Attach Listener" daemon [_thread_blocked, id=1036, stack(0x000000000a830000,0x000000000a930000)]
  0x000000000937a800 JavaThread "Signal Dispatcher" daemon [_thread_blocked, id=12816, stack(0x000000000a730000,0x000000000a830000)]
  0x0000000009316800 JavaThread "Finalizer" daemon [_thread_blocked, id=2620, stack(0x000000000a630000,0x000000000a730000)]
  0x000000000930d800 JavaThread "Reference Handler" daemon [_thread_blocked, id=12332, stack(0x000000000a530000,0x000000000a630000)]
  0x0000000002db0800 JavaThread "main" [_thread_blocked, id=7992, stack(0x0000000002cb0000,0x0000000002db0000)]

Other Threads:
  0x0000000009306000 VMThread [stack: 0x000000000a430000,0x000000000a530000] [id=13800]
  0x000000000939e000 WatcherThread [stack: 0x000000000ac30000,0x000000000ad30000] [id=9828]

VM state:not at safepoint (normal execution)

VM Mutex/Monitor currently owned by a thread: None

Heap
 PSYoungGen      total 37632K, used 19666K [0x00000000eaab0000, 0x00000000ed4b0000, 0x0000000100000000)
  eden space 32256K, 60% used [0x00000000eaab0000,0x00000000ebde4b38,0x00000000eca30000)
  from space 5376K, 0% used [0x00000000ecf70000,0x00000000ecf70000,0x00000000ed4b0000)
  to   space 5376K, 0% used [0x00000000eca30000,0x00000000eca30000,0x00000000ecf70000)
 ParOldGen       total 86080K, used 0K [0x00000000c0000000, 0x00000000c5410000, 0x00000000eaab0000)
  object space 86080K, 0% used [0x00000000c0000000,0x00000000c0000000,0x00000000c5410000)
 PSPermGen       total 21248K, used 5374K [0x00000000bae00000, 0x00000000bc2c0000, 0x00000000c0000000)
  object space 21248K, 25% used [0x00000000bae00000,0x00000000bb33f818,0x00000000bc2c0000)

Card table byte_map: [0x0000000005f70000,0x00000000061a0000] byte_map_base: 0x0000000005999000

Polling page: 0x0000000001600000

Code Cache  [0x0000000002eb0000, 0x0000000003120000, 0x0000000005eb0000)
 total_blobs=336 nmethods=123 adapters=164 free_code_cache=48577Kb largest_free_block=49704320

Compilation events (10 events):
Event: 1.298 Thread 0x0000000009389000  120             java.util.BitSet::recalculateWordsInUse (39 bytes)
Event: 1.299 Thread 0x0000000009389000 nmethod 120 0x0000000002f3c050 code [0x0000000002f3c180, 0x0000000002f3c218]
Event: 1.311 Thread 0x000000000937f000  121             java.util.ArrayList::iterator (10 bytes)
Event: 1.312 Thread 0x000000000937f000 nmethod 121 0x0000000002f3bd50 code [0x0000000002f3bea0, 0x0000000002f3bf58]
Event: 1.317 Thread 0x0000000009389000  122             java.util.ArrayList::remove (69 bytes)
Event: 1.317 Thread 0x000000000937f000  123             com.android.dx.util.IntList::binarysearch (124 bytes)
Event: 1.320 Thread 0x0000000009389000 nmethod 122 0x0000000002f39590 code [0x0000000002f396e0, 0x0000000002f39878]
Event: 1.320 Thread 0x000000000937f000 nmethod 123 0x0000000002f39110 code [0x0000000002f39260, 0x0000000002f39418]
Event: 1.321 Thread 0x0000000009389000  124             com.android.dx.ssa.LocalVariableExtractor::processBlock (383 bytes)
Event: 1.326 Thread 0x000000000937f000  125             com.android.dx.ssa.SsaMethod::computeReachability (131 bytes)

GC Heap History (0 events):
No events

Deoptimization events (2 events):
Event: 1.071 Thread 0x000000000ae36000 Uncommon trap -12 fr.pc 0x0000000002f25a98
Event: 1.231 Thread 0x000000000ae36000 Uncommon trap -12 fr.pc 0x0000000002f2cfb8

Internal exceptions (10 events):
Event: 0.727 Thread 0x00000000093c6000 Threw 0x00000000eb2dfec0 at C:\jdk7u1_64p\jdk7u7\hotspot\src\share\vm\prims\jvm.cpp:1166
Event: 0.728 Thread 0x00000000093c6000 Threw 0x00000000eb46d380 at C:\jdk7u1_64p\jdk7u7\hotspot\src\share\vm\prims\jvm.cpp:1166
Event: 0.729 Thread 0x00000000093c6000 Threw 0x00000000eb471a60 at C:\jdk7u1_64p\jdk7u7\hotspot\src\share\vm\prims\jvm.cpp:1166
Event: 0.743 Thread 0x000000000ae37000 Threw 0x00000000eb1a05a0 at C:\jdk7u1_64p\jdk7u7\hotspot\src\share\vm\prims\jvm.cpp:1166
Event: 0.744 Thread 0x000000000ae37000 Threw 0x00000000eb511450 at C:\jdk7u1_64p\jdk7u7\hotspot\src\share\vm\prims\jvm.cpp:1166
Event: 0.746 Thread 0x000000000ae37000 Threw 0x00000000eb516a30 at C:\jdk7u1_64p\jdk7u7\hotspot\src\share\vm\prims\jvm.cpp:1166
Event: 0.840 Thread 0x00000000093c6000 Threw 0x00000000eb49d9c8 at C:\jdk7u1_64p\jdk7u7\hotspot\src\share\vm\prims\jvm.cpp:1166
Event: 0.952 Thread 0x000000000ae36000 Threw 0x00000000eb5d1740 at C:\jdk7u1_64p\jdk7u7\hotspot\src\share\vm\prims\jvm.cpp:1166
Event: 1.071 Thread 0x000000000ae36000 Implicit null exception at 0x0000000002f25719 to 0x0000000002f25a85
Event: 1.231 Thread 0x000000000ae36000 Implicit null exception at 0x0000000002f2c6f4 to 0x0000000002f2cf9d

Events (10 events):
Event: 0.883 loading class 0x0000000009339560
Event: 0.883 loading class 0x0000000009339560 done
Event: 0.952 loading class 0x0000000009431630
Event: 0.952 loading class 0x0000000009431630 done
Event: 1.072 Thread 0x000000000ae36000 DEOPT PACKING pc=0x0000000002f25a98 sp=0x000000000b52ea60
Event: 1.072 Thread 0x000000000ae36000 DEOPT UNPACKING pc=0x0000000002ee9164 sp=0x000000000b52e9b0 mode 2
Event: 1.204 loading class 0x000000000925ba60
Event: 1.204 loading class 0x000000000925ba60 done
Event: 1.231 Thread 0x000000000ae36000 DEOPT PACKING pc=0x0000000002f2cfb8 sp=0x000000000b52ebc0
Event: 1.231 Thread 0x000000000ae36000 DEOPT UNPACKING pc=0x0000000002ee9164 sp=0x000000000b52e950 mode 2


Dynamic libraries:
0x00007ff665e70000 - 0x00007ff665ea3000 	C:\Program Files\Java\jdk1.7.0_07\bin\java.exe
0x00007ffbfbb40000 - 0x00007ffbfbd02000 	C:\WINDOWS\SYSTEM32\ntdll.dll
0x00007ffbf9b70000 - 0x00007ffbf9c1d000 	C:\WINDOWS\system32\KERNEL32.DLL
0x00007ffbf8f90000 - 0x00007ffbf916d000 	C:\WINDOWS\system32\KERNELBASE.dll
0x00007ffbfb8c0000 - 0x00007ffbfb966000 	C:\WINDOWS\system32\ADVAPI32.dll
0x00007ffbfb500000 - 0x00007ffbfb59d000 	C:\WINDOWS\system32\msvcrt.dll
0x00007ffbfb340000 - 0x00007ffbfb39b000 	C:\WINDOWS\system32\sechost.dll
0x00007ffbfb3a0000 - 0x00007ffbfb4c6000 	C:\WINDOWS\system32\RPCRT4.dll
0x00007ffbf9c80000 - 0x00007ffbf9dce000 	C:\WINDOWS\system32\USER32.dll
0x00007ffbf96b0000 - 0x00007ffbf9836000 	C:\WINDOWS\system32\GDI32.dll
0x00007ffbed240000 - 0x00007ffbed4b4000 	C:\WINDOWS\WinSxS\amd64_microsoft.windows.common-controls_6595b64144ccf1df_6.0.10240.16384_none_f41f7b285750ef43\COMCTL32.dll
0x00007ffbfb670000 - 0x00007ffbfb6a6000 	C:\WINDOWS\system32\IMM32.DLL
0x00007ffbf91f0000 - 0x00007ffbf934c000 	C:\WINDOWS\system32\MSCTF.dll
0x00000000556a0000 - 0x0000000055771000 	C:\Program Files\Java\jdk1.7.0_07\jre\bin\msvcr100.dll
0x0000000055980000 - 0x000000005609f000 	C:\Program Files\Java\jdk1.7.0_07\jre\bin\server\jvm.dll
0x00007ffbfb4d0000 - 0x00007ffbfb4d8000 	C:\WINDOWS\system32\PSAPI.DLL
0x00007ffbebdb0000 - 0x00007ffbebdb9000 	C:\WINDOWS\SYSTEM32\WSOCK32.dll
0x00007ffbf6ae0000 - 0x00007ffbf6b03000 	C:\WINDOWS\SYSTEM32\WINMM.dll
0x00007ffbfb5a0000 - 0x00007ffbfb609000 	C:\WINDOWS\system32\WS2_32.dll
0x00007ffbf91d0000 - 0x00007ffbf91d8000 	C:\WINDOWS\system32\NSI.dll
0x00007ffbf67d0000 - 0x00007ffbf67fc000 	C:\WINDOWS\SYSTEM32\WINMMBASE.dll
0x00007ffbf85d0000 - 0x00007ffbf8614000 	C:\WINDOWS\system32\cfgmgr32.dll
0x00007ffbf6e00000 - 0x00007ffbf6e27000 	C:\WINDOWS\SYSTEM32\DEVOBJ.dll
0x0000000057130000 - 0x000000005713f000 	C:\Program Files\Java\jdk1.7.0_07\jre\bin\verify.dll
0x0000000057100000 - 0x0000000057128000 	C:\Program Files\Java\jdk1.7.0_07\jre\bin\java.dll
0x00000000570e0000 - 0x00000000570f5000 	C:\Program Files\Java\jdk1.7.0_07\jre\bin\zip.dll

VM Arguments:
jvm_args: -Djava.awt.headless=true -Xmx1024M -Dfile.encoding=windows-1252 -Duser.country=US -Duser.language=en -Duser.variant 
java_command: com.android.dx.command.Main --dex --force-jumbo --num-threads=4 --multi-dex --output E:\CrysoftDynamics\Projects\Tobias\app\build\intermediates\transforms\dex\debug\folders\1000\5\slice_8 E:\CrysoftDynamics\Projects\Tobias\app\build\intermediates\transforms\instantRunSlicer\debug\folders\1\5\slice_8
Launcher Type: SUN_STANDARD

Environment Variables:
PATH=C:\Python27\;C:\Python27\Scripts;C:\Program Files (x86)\NVIDIA Corporation\PhysX\Common;C:\Program Files (x86)\Intel\iCLS Client\;C:\Program Files\Intel\iCLS Client\;C:\WINDOWS\system32;C:\WINDOWS;C:\WINDOWS\System32\Wbem;C:\WINDOWS\System32\WindowsPowerShell\v1.0\;C:\Program Files (x86)\Intel\OpenCL SDK\2.0\bin\x86;C:\Program Files (x86)\Intel\OpenCL SDK\2.0\bin\x64;C:\Program Files\Intel\Intel(R) Management Engine Components\DAL;C:\Program Files\Intel\Intel(R) Management Engine Components\IPT;C:\Program Files (x86)\Intel\Intel(R) Management Engine Components\DAL;C:\Program Files (x86)\Intel\Intel(R) Management Engine Components\IPT;C:\Program Files\Sony\VAIO Improvement\;C:\Program Files (x86)\Sony\VAIO Startup Setting Tool;C:\Program Files (x86)\Intel\OpenCL SDK\2.0\bin\x86;C:\Program Files (x86)\Intel\OpenCL SDK\2.0\bin\x64;C:\ProgramData\ComposerSetup\bin;C:\Program Files (x86)\Northshore\ZendServer\share\ZendFramework\bin;C:\Program Files (x86)\Northshore\ZendServer\bin;C:\Program Files\nodejs\;C:\Program Files\Git\cmd;C:\Program Files (x86)\Heroku\bin;C:\Program Files (x86)\git\cmd;C:\Program Files (x86)\Git\cmd;C:\Users\Maxx\AppData\Roaming\npm
USERNAME=Maxx
OS=Windows_NT
PROCESSOR_IDENTIFIER=Intel64 Family 6 Model 58 Stepping 9, GenuineIntel



---------------  S Y S T E M  ---------------

OS: Windows 8 , 64 bit Build 9200 

CPU:total 4 (2 cores per cpu, 2 threads per core) family 6 model 58 stepping 9, cmov, cx8, fxsr, mmx, sse, sse2, sse3, ssse3, sse4.1, sse4.2, popcnt, avx, ht, tsc, tscinvbit, tscinv

Memory: 4k page, physical 8257932k(476512k free), swap 25552116k(4284k free)

vm_info: Java HotSpot(TM) 64-Bit Server VM (23.3-b01) for windows-amd64 JRE (1.7.0_07-b11), built on Sep  7 2012 01:19:25 by "java_re" with unknown MS VC++:1600

time: Thu Jul 21 12:44:46 2016
elapsed time: 1 seconds

