#
# There is insufficient memory for the Java Runtime Environment to continue.
# Native memory allocation (malloc) failed to allocate 274576 bytes for Chunk::new
# Possible reasons:
#   The system is out of physical RAM or swap space
#   In 32 bit mode, the process size limit was hit
# Possible solutions:
#   Reduce memory load on the system
#   Increase physical memory or swap space
#   Check if swap backing store is full
#   Use 64 bit Java on a 64 bit OS
#   Decrease Java heap size (-Xmx/-Xms)
#   Decrease number of Java threads
#   Decrease Java thread stack sizes (-Xss)
#   Set larger code cache with -XX:ReservedCodeCacheSize=
# This output file may be truncated or incomplete.
#
#  Out of Memory Error (allocation.cpp:328), pid=12516, tid=8028
#
# JRE version: 7.0_07-b11
# Java VM: Java HotSpot(TM) 64-Bit Server VM (23.3-b01 mixed mode windows-amd64 compressed oops)
# Failed to write core dump. Minidumps are not enabled by default on client versions of Windows
#

---------------  T H R E A D  ---------------

Current thread (0x00000000089ff000):  JavaThread "C2 CompilerThread0" daemon [_thread_in_native, id=8028, stack(0x0000000009fc0000,0x000000000a0c0000)]

Stack: [0x0000000009fc0000,0x000000000a0c0000]

Current CompileTask:
C2:   1048   82             com.android.dx.ssa.SsaMethod::computeReachability (131 bytes)


---------------  P R O C E S S  ---------------

Java Threads: ( => current thread )
  0x000000000a510800 JavaThread "pool-2-thread-4" [_thread_in_Java, id=2576, stack(0x000000000abc0000,0x000000000acc0000)]
  0x000000000a510000 JavaThread "pool-2-thread-3" [_thread_in_Java, id=8860, stack(0x000000000aac0000,0x000000000abc0000)]
  0x000000000a503800 JavaThread "pool-2-thread-2" [_thread_blocked, id=8352, stack(0x000000000a9c0000,0x000000000aac0000)]
  0x000000000a4f4000 JavaThread "pool-3-thread-1" [_thread_blocked, id=14144, stack(0x000000000a8c0000,0x000000000a9c0000)]
  0x0000000008a65000 JavaThread "pool-2-thread-1" [_thread_in_Java, id=13376, stack(0x000000000a7c0000,0x000000000a8c0000)]
  0x0000000008a13000 JavaThread "Service Thread" daemon [_thread_blocked, id=12320, stack(0x000000000a1c0000,0x000000000a2c0000)]
  0x0000000008a03000 JavaThread "C2 CompilerThread1" daemon [_thread_in_native, id=11352, stack(0x000000000a0c0000,0x000000000a1c0000)]
=>0x00000000089ff000 JavaThread "C2 CompilerThread0" daemon [_thread_in_native, id=8028, stack(0x0000000009fc0000,0x000000000a0c0000)]
  0x00000000089fe000 JavaThread "Attach Listener" daemon [_thread_blocked, id=9124, stack(0x0000000009ec0000,0x0000000009fc0000)]
  0x00000000089fa800 JavaThread "Signal Dispatcher" daemon [_thread_blocked, id=636, stack(0x0000000009dc0000,0x0000000009ec0000)]
  0x0000000008991000 JavaThread "Finalizer" daemon [_thread_blocked, id=4752, stack(0x0000000009cc0000,0x0000000009dc0000)]
  0x000000000898f800 JavaThread "Reference Handler" daemon [_thread_blocked, id=13228, stack(0x0000000009bc0000,0x0000000009cc0000)]
  0x00000000024ee000 JavaThread "main" [_thread_blocked, id=8708, stack(0x0000000002320000,0x0000000002420000)]

Other Threads:
  0x0000000008986000 VMThread [stack: 0x0000000009ac0000,0x0000000009bc0000] [id=8908]
  0x0000000008a1c000 WatcherThread [stack: 0x000000000a2c0000,0x000000000a3c0000] [id=10276]

VM state:not at safepoint (normal execution)

VM Mutex/Monitor currently owned by a thread: None

Heap
 PSYoungGen      total 37632K, used 13588K [0x00000000eaab0000, 0x00000000ed4b0000, 0x0000000100000000)
  eden space 32256K, 42% used [0x00000000eaab0000,0x00000000eb7f51a8,0x00000000eca30000)
  from space 5376K, 0% used [0x00000000ecf70000,0x00000000ecf70000,0x00000000ed4b0000)
  to   space 5376K, 0% used [0x00000000eca30000,0x00000000eca30000,0x00000000ecf70000)
 ParOldGen       total 86080K, used 0K [0x00000000c0000000, 0x00000000c5410000, 0x00000000eaab0000)
  object space 86080K, 0% used [0x00000000c0000000,0x00000000c0000000,0x00000000c5410000)
 PSPermGen       total 21248K, used 5716K [0x00000000bae00000, 0x00000000bc2c0000, 0x00000000c0000000)
  object space 21248K, 26% used [0x00000000bae00000,0x00000000bb395230,0x00000000bc2c0000)

Card table byte_map: [0x00000000055f0000,0x0000000005820000] byte_map_base: 0x0000000005019000

Polling page: 0x0000000000a30000

Code Cache  [0x00000000025f0000, 0x0000000002860000, 0x00000000055f0000)
 total_blobs=316 nmethods=81 adapters=186 free_code_cache=48653Kb largest_free_block=49804032

Compilation events (10 events):
Event: 1.022 Thread 0x00000000089ff000 nmethod 78 0x000000000266cb50 code [0x000000000266cca0, 0x000000000266cd58]
Event: 1.023 Thread 0x00000000089ff000   79             java.util.BitSet::expandTo (23 bytes)
Event: 1.024 Thread 0x00000000089ff000 nmethod 79 0x000000000266c850 code [0x000000000266c9a0, 0x000000000266ca68]
Event: 1.029 Thread 0x0000000008a03000 nmethod 77 0x000000000266e350 code [0x000000000266e4e0, 0x000000000266ea58]
Event: 1.030 Thread 0x00000000089ff000   80             java.util.BitSet::set (58 bytes)
Event: 1.032 Thread 0x0000000008a03000   81             com.android.dx.ssa.NormalSsaInsn::getOpcode (8 bytes)
Event: 1.033 Thread 0x00000000089ff000 nmethod 80 0x000000000266f050 code [0x000000000266f1a0, 0x000000000266f308]
Event: 1.033 Thread 0x00000000089ff000   82             com.android.dx.ssa.SsaMethod::computeReachability (131 bytes)
Event: 1.033 Thread 0x0000000008a03000 nmethod 81 0x000000000266c590 code [0x000000000266c6c0, 0x000000000266c738]
Event: 1.033 Thread 0x0000000008a03000   83             com.android.dx.rop.code.RopMethod::calcPredecessors (227 bytes)

GC Heap History (0 events):
No events

Deoptimization events (0 events):
No events

Internal exceptions (10 events):
Event: 0.814 Thread 0x000000000a510000 Threw 0x00000000eb151228 at C:\jdk7u1_64p\jdk7u7\hotspot\src\share\vm\prims\jvm.cpp:1166
Event: 0.818 Thread 0x000000000a510800 Threw 0x00000000eb43eef8 at C:\jdk7u1_64p\jdk7u7\hotspot\src\share\vm\prims\jvm.cpp:1166
Event: 0.819 Thread 0x0000000008a65000 Threw 0x00000000eb428330 at C:\jdk7u1_64p\jdk7u7\hotspot\src\share\vm\prims\jvm.cpp:1166
Event: 0.820 Thread 0x000000000a510800 Threw 0x00000000eb445108 at C:\jdk7u1_64p\jdk7u7\hotspot\src\share\vm\prims\jvm.cpp:1166
Event: 0.821 Thread 0x000000000a510800 Threw 0x00000000eb44a920 at C:\jdk7u1_64p\jdk7u7\hotspot\src\share\vm\prims\jvm.cpp:1166
Event: 0.822 Thread 0x000000000a510800 Threw 0x00000000eb4533c8 at C:\jdk7u1_64p\jdk7u7\hotspot\src\share\vm\prims\jvm.cpp:1166
Event: 0.823 Thread 0x000000000a510800 Threw 0x00000000eb4585e8 at C:\jdk7u1_64p\jdk7u7\hotspot\src\share\vm\prims\jvm.cpp:1166
Event: 0.823 Thread 0x000000000a510000 Threw 0x00000000eb15e7b8 at C:\jdk7u1_64p\jdk7u7\hotspot\src\share\vm\prims\jvm.cpp:1166
Event: 0.823 Thread 0x000000000a510800 Threw 0x00000000eb45b3d0 at C:\jdk7u1_64p\jdk7u7\hotspot\src\share\vm\prims\jvm.cpp:1166
Event: 0.885 Thread 0x00000000024ee000 Threw 0x00000000eb2c61f8 at C:\jdk7u1_64p\jdk7u7\hotspot\src\share\vm\prims\jvm.cpp:1166

Events (10 events):
Event: 0.833 loading class 0x0000000008a49cc0
Event: 0.833 loading class 0x0000000008a49cc0 done
Event: 0.859 loading class 0x00000000089b87b0
Event: 0.860 loading class 0x00000000089b87b0 done
Event: 0.885 loading class 0x000000000a4738d0
Event: 0.885 loading class 0x000000000a4738d0 done
Event: 0.958 loading class 0x00000000088db9c0
Event: 0.958 loading class 0x00000000088db9c0 done
Event: 0.966 loading class 0x000000000899b920
Event: 0.966 loading class 0x000000000899b920 done


Dynamic libraries:
0x00007ff665e70000 - 0x00007ff665ea3000 	C:\Program Files\Java\jdk1.7.0_07\bin\java.exe
0x00007ffbfbb40000 - 0x00007ffbfbd02000 	C:\WINDOWS\SYSTEM32\ntdll.dll
0x00007ffbf9b70000 - 0x00007ffbf9c1d000 	C:\WINDOWS\system32\KERNEL32.DLL
0x00007ffbf8f90000 - 0x00007ffbf916d000 	C:\WINDOWS\system32\KERNELBASE.dll
0x00007ffbfb8c0000 - 0x00007ffbfb966000 	C:\WINDOWS\system32\ADVAPI32.dll
0x00007ffbfb500000 - 0x00007ffbfb59d000 	C:\WINDOWS\system32\msvcrt.dll
0x00007ffbfb340000 - 0x00007ffbfb39b000 	C:\WINDOWS\system32\sechost.dll
0x00007ffbfb3a0000 - 0x00007ffbfb4c6000 	C:\WINDOWS\system32\RPCRT4.dll
0x00007ffbf9c80000 - 0x00007ffbf9dce000 	C:\WINDOWS\system32\USER32.dll
0x00007ffbf96b0000 - 0x00007ffbf9836000 	C:\WINDOWS\system32\GDI32.dll
0x00007ffbed240000 - 0x00007ffbed4b4000 	C:\WINDOWS\WinSxS\amd64_microsoft.windows.common-controls_6595b64144ccf1df_6.0.10240.16384_none_f41f7b285750ef43\COMCTL32.dll
0x00007ffbfb670000 - 0x00007ffbfb6a6000 	C:\WINDOWS\system32\IMM32.DLL
0x00007ffbf91f0000 - 0x00007ffbf934c000 	C:\WINDOWS\system32\MSCTF.dll
0x00000000556a0000 - 0x0000000055771000 	C:\Program Files\Java\jdk1.7.0_07\jre\bin\msvcr100.dll
0x0000000055980000 - 0x000000005609f000 	C:\Program Files\Java\jdk1.7.0_07\jre\bin\server\jvm.dll
0x00007ffbfb4d0000 - 0x00007ffbfb4d8000 	C:\WINDOWS\system32\PSAPI.DLL
0x00007ffbebdb0000 - 0x00007ffbebdb9000 	C:\WINDOWS\SYSTEM32\WSOCK32.dll
0x00007ffbf6ae0000 - 0x00007ffbf6b03000 	C:\WINDOWS\SYSTEM32\WINMM.dll
0x00007ffbfb5a0000 - 0x00007ffbfb609000 	C:\WINDOWS\system32\WS2_32.dll
0x00007ffbf91d0000 - 0x00007ffbf91d8000 	C:\WINDOWS\system32\NSI.dll
0x00007ffbf67d0000 - 0x00007ffbf67fc000 	C:\WINDOWS\SYSTEM32\WINMMBASE.dll
0x00007ffbf85d0000 - 0x00007ffbf8614000 	C:\WINDOWS\system32\cfgmgr32.dll
0x00007ffbf6e00000 - 0x00007ffbf6e27000 	C:\WINDOWS\SYSTEM32\DEVOBJ.dll
0x0000000057130000 - 0x000000005713f000 	C:\Program Files\Java\jdk1.7.0_07\jre\bin\verify.dll
0x0000000057100000 - 0x0000000057128000 	C:\Program Files\Java\jdk1.7.0_07\jre\bin\java.dll
0x00000000570e0000 - 0x00000000570f5000 	C:\Program Files\Java\jdk1.7.0_07\jre\bin\zip.dll
0x00000000570c0000 - 0x00000000570d9000 	C:\Program Files\Java\jdk1.7.0_07\jre\bin\net.dll
0x00007ffbf7d40000 - 0x00007ffbf7d9d000 	C:\WINDOWS\system32\mswsock.dll
0x00000000570a0000 - 0x00000000570b1000 	C:\Program Files\Java\jdk1.7.0_07\jre\bin\nio.dll

VM Arguments:
jvm_args: -Djava.awt.headless=true -Xmx1024M -Dfile.encoding=windows-1252 -Duser.country=US -Duser.language=en -Duser.variant 
java_command: com.android.dx.command.Main --dex --force-jumbo --num-threads=4 --multi-dex --output E:\CrysoftDynamics\Projects\Tobias\app\build\intermediates\transforms\dex\debug\folders\1000\10\bolts-android-1.2.1_52fed294959896669bc190788b27c86d39728760 C:\Users\Maxx\.gradle\caches\modules-2\files-2.1\com.parse.bolts\bolts-android\1.2.1\44780c2cf98f6a3cf4e77f1234d644758b329201\bolts-android-1.2.1.jar
Launcher Type: SUN_STANDARD

Environment Variables:
PATH=C:\Python27\;C:\Python27\Scripts;C:\Program Files (x86)\NVIDIA Corporation\PhysX\Common;C:\Program Files (x86)\Intel\iCLS Client\;C:\Program Files\Intel\iCLS Client\;C:\WINDOWS\system32;C:\WINDOWS;C:\WINDOWS\System32\Wbem;C:\WINDOWS\System32\WindowsPowerShell\v1.0\;C:\Program Files (x86)\Intel\OpenCL SDK\2.0\bin\x86;C:\Program Files (x86)\Intel\OpenCL SDK\2.0\bin\x64;C:\Program Files\Intel\Intel(R) Management Engine Components\DAL;C:\Program Files\Intel\Intel(R) Management Engine Components\IPT;C:\Program Files (x86)\Intel\Intel(R) Management Engine Components\DAL;C:\Program Files (x86)\Intel\Intel(R) Management Engine Components\IPT;C:\Program Files\Sony\VAIO Improvement\;C:\Program Files (x86)\Sony\VAIO Startup Setting Tool;C:\Program Files (x86)\Intel\OpenCL SDK\2.0\bin\x86;C:\Program Files (x86)\Intel\OpenCL SDK\2.0\bin\x64;C:\ProgramData\ComposerSetup\bin;C:\Program Files (x86)\Northshore\ZendServer\share\ZendFramework\bin;C:\Program Files (x86)\Northshore\ZendServer\bin;C:\Program Files\nodejs\;C:\Program Files\Git\cmd;C:\Program Files (x86)\Heroku\bin;C:\Program Files (x86)\git\cmd;C:\Program Files (x86)\Git\cmd;C:\Users\Maxx\AppData\Roaming\npm
USERNAME=Maxx
OS=Windows_NT
PROCESSOR_IDENTIFIER=Intel64 Family 6 Model 58 Stepping 9, GenuineIntel



---------------  S Y S T E M  ---------------

OS: Windows 8 , 64 bit Build 9200 

CPU:total 4 (2 cores per cpu, 2 threads per core) family 6 model 58 stepping 9, cmov, cx8, fxsr, mmx, sse, sse2, sse3, ssse3, sse4.1, sse4.2, popcnt, avx, ht, tsc, tscinvbit, tscinv

Memory: 4k page, physical 8257932k(303008k free), swap 25552116k(5380k free)

vm_info: Java HotSpot(TM) 64-Bit Server VM (23.3-b01) for windows-amd64 JRE (1.7.0_07-b11), built on Sep  7 2012 01:19:25 by "java_re" with unknown MS VC++:1600

time: Thu Jul 21 12:45:14 2016
elapsed time: 1 seconds

