#
# There is insufficient memory for the Java Runtime Environment to continue.
# Native memory allocation (malloc) failed to allocate 639536 bytes for Chunk::new
# Possible reasons:
#   The system is out of physical RAM or swap space
#   In 32 bit mode, the process size limit was hit
# Possible solutions:
#   Reduce memory load on the system
#   Increase physical memory or swap space
#   Check if swap backing store is full
#   Use 64 bit Java on a 64 bit OS
#   Decrease Java heap size (-Xmx/-Xms)
#   Decrease number of Java threads
#   Decrease Java thread stack sizes (-Xss)
#   Set larger code cache with -XX:ReservedCodeCacheSize=
# This output file may be truncated or incomplete.
#
#  Out of Memory Error (allocation.cpp:328), pid=7036, tid=13644
#
# JRE version: 7.0_07-b11
# Java VM: Java HotSpot(TM) 64-Bit Server VM (23.3-b01 mixed mode windows-amd64 compressed oops)
# Failed to write core dump. Minidumps are not enabled by default on client versions of Windows
#

---------------  T H R E A D  ---------------

Current thread (0x0000000008801000):  JavaThread "C2 CompilerThread1" daemon [_thread_in_native, id=13644, stack(0x0000000009ec0000,0x0000000009fc0000)]

Stack: [0x0000000009ec0000,0x0000000009fc0000]

Current CompileTask:
C2:   2501  135   !         com.android.dx.cf.code.Ropper::processBlock (1101 bytes)


---------------  P R O C E S S  ---------------

Java Threads: ( => current thread )
  0x000000000a27a800 JavaThread "pool-2-thread-4" [_thread_in_Java, id=13580, stack(0x000000000a9c0000,0x000000000aac0000)]
  0x000000000a27a000 JavaThread "pool-2-thread-3" [_thread_in_Java, id=11252, stack(0x000000000a8c0000,0x000000000a9c0000)]
  0x000000000a2c5000 JavaThread "pool-2-thread-2" [_thread_in_Java, id=12372, stack(0x000000000a7c0000,0x000000000a8c0000)]
  0x000000000a2bc800 JavaThread "pool-3-thread-1" [_thread_blocked, id=7444, stack(0x000000000a6c0000,0x000000000a7c0000)]
  0x00000000088be000 JavaThread "pool-2-thread-1" [_thread_in_vm, id=12876, stack(0x000000000a5c0000,0x000000000a6c0000)]
  0x0000000008812800 JavaThread "Service Thread" daemon [_thread_blocked, id=4668, stack(0x0000000009fc0000,0x000000000a0c0000)]
=>0x0000000008801000 JavaThread "C2 CompilerThread1" daemon [_thread_in_native, id=13644, stack(0x0000000009ec0000,0x0000000009fc0000)]
  0x00000000087ff000 JavaThread "C2 CompilerThread0" daemon [_thread_in_native, id=9060, stack(0x0000000009dc0000,0x0000000009ec0000)]
  0x00000000087fe000 JavaThread "Attach Listener" daemon [_thread_blocked, id=8232, stack(0x0000000009cc0000,0x0000000009dc0000)]
  0x00000000087fa800 JavaThread "Signal Dispatcher" daemon [_thread_blocked, id=13808, stack(0x0000000009bc0000,0x0000000009cc0000)]
  0x0000000008796800 JavaThread "Finalizer" daemon [_thread_blocked, id=5008, stack(0x0000000009ac0000,0x0000000009bc0000)]
  0x000000000878d800 JavaThread "Reference Handler" daemon [_thread_blocked, id=9828, stack(0x00000000099c0000,0x0000000009ac0000)]
  0x0000000002230800 JavaThread "main" [_thread_blocked, id=1824, stack(0x0000000002130000,0x0000000002230000)]

Other Threads:
  0x0000000008786000 VMThread [stack: 0x00000000098c0000,0x00000000099c0000] [id=3764]
  0x000000000882b800 WatcherThread [stack: 0x000000000a0c0000,0x000000000a1c0000] [id=7992]

VM state:not at safepoint (normal execution)

VM Mutex/Monitor currently owned by a thread: None

Heap
 PSYoungGen      total 37632K, used 22621K [0x00000000eaab0000, 0x00000000ed4b0000, 0x0000000100000000)
  eden space 32256K, 70% used [0x00000000eaab0000,0x00000000ec0c7708,0x00000000eca30000)
  from space 5376K, 0% used [0x00000000ecf70000,0x00000000ecf70000,0x00000000ed4b0000)
  to   space 5376K, 0% used [0x00000000eca30000,0x00000000eca30000,0x00000000ecf70000)
 ParOldGen       total 86080K, used 0K [0x00000000c0000000, 0x00000000c5410000, 0x00000000eaab0000)
  object space 86080K, 0% used [0x00000000c0000000,0x00000000c0000000,0x00000000c5410000)
 PSPermGen       total 21248K, used 5415K [0x00000000bae00000, 0x00000000bc2c0000, 0x00000000c0000000)
  object space 21248K, 25% used [0x00000000bae00000,0x00000000bb349c00,0x00000000bc2c0000)

Card table byte_map: [0x00000000053f0000,0x0000000005620000] byte_map_base: 0x0000000004e19000

Polling page: 0x00000000007e0000

Code Cache  [0x0000000002330000, 0x00000000025a0000, 0x0000000005330000)
 total_blobs=359 nmethods=146 adapters=164 free_code_cache=48504Kb largest_free_block=49645888

Compilation events (10 events):
Event: 2.489 Thread 0x00000000087ff000 nmethod 142 0x00000000023c72d0 code [0x00000000023c7420, 0x00000000023c7808]
Event: 2.489 Thread 0x00000000087ff000  143             java.util.Vector::elementData (7 bytes)
Event: 2.489 Thread 0x00000000087ff000 nmethod 143 0x00000000023bc610 code [0x00000000023bc740, 0x00000000023bc7d8]
Event: 2.489 Thread 0x00000000087ff000  144  s          java.util.Vector::elementAt (48 bytes)
Event: 2.491 Thread 0x00000000087ff000 nmethod 144 0x00000000023c6dd0 code [0x00000000023c6f20, 0x00000000023c7198]
Event: 2.491 Thread 0x00000000087ff000  145  s          java.util.Stack::pop (19 bytes)
Event: 2.495 Thread 0x00000000087ff000 nmethod 145 0x00000000023c66d0 code [0x00000000023c6820, 0x00000000023c6b18]
Event: 2.495 Thread 0x00000000087ff000  146  s          java.util.Stack::peek (25 bytes)
Event: 2.497 Thread 0x00000000087ff000 nmethod 146 0x00000000023c6090 code [0x00000000023c61e0, 0x00000000023c6478]
Event: 2.497 Thread 0x00000000087ff000  147  s          java.util.Vector::removeElementAt (115 bytes)

GC Heap History (0 events):
No events

Deoptimization events (2 events):
Event: 1.479 Thread 0x000000000a2c5000 Uncommon trap -12 fr.pc 0x00000000023a5454
Event: 1.935 Thread 0x000000000a27a000 Uncommon trap -12 fr.pc 0x00000000023abc44

Internal exceptions (10 events):
Event: 0.981 Thread 0x000000000a27a800 Threw 0x00000000eb2bfb90 at C:\jdk7u1_64p\jdk7u7\hotspot\src\share\vm\prims\jvm.cpp:1166
Event: 0.983 Thread 0x00000000088be000 Threw 0x00000000eb3353a8 at C:\jdk7u1_64p\jdk7u7\hotspot\src\share\vm\prims\jvm.cpp:1166
Event: 0.984 Thread 0x000000000a27a000 Threw 0x00000000eb2231c0 at C:\jdk7u1_64p\jdk7u7\hotspot\src\share\vm\prims\jvm.cpp:1166
Event: 0.998 Thread 0x000000000a27a800 Threw 0x00000000eb2dfd48 at C:\jdk7u1_64p\jdk7u7\hotspot\src\share\vm\prims\jvm.cpp:1166
Event: 0.999 Thread 0x000000000a27a800 Threw 0x00000000eb56cac8 at C:\jdk7u1_64p\jdk7u7\hotspot\src\share\vm\prims\jvm.cpp:1166
Event: 1.000 Thread 0x000000000a27a800 Threw 0x00000000eb5720a8 at C:\jdk7u1_64p\jdk7u7\hotspot\src\share\vm\prims\jvm.cpp:1166
Event: 1.005 Thread 0x00000000088be000 Threw 0x00000000eb360728 at C:\jdk7u1_64p\jdk7u7\hotspot\src\share\vm\prims\jvm.cpp:1166
Event: 1.295 Thread 0x000000000a27a000 Threw 0x00000000eb4f9e60 at C:\jdk7u1_64p\jdk7u7\hotspot\src\share\vm\prims\jvm.cpp:1166
Event: 1.479 Thread 0x000000000a2c5000 Implicit null exception at 0x00000000023a50ed to 0x00000000023a5441
Event: 1.935 Thread 0x000000000a27a000 Implicit null exception at 0x00000000023ab32e to 0x00000000023abc31

Events (10 events):
Event: 1.269 loading class 0x00000000087b9800
Event: 1.270 loading class 0x00000000087b9800 done
Event: 1.295 loading class 0x00000000088b44c0
Event: 1.295 loading class 0x00000000088b44c0 done
Event: 1.479 Thread 0x000000000a2c5000 DEOPT PACKING pc=0x00000000023a5454 sp=0x000000000a8be670
Event: 1.479 Thread 0x000000000a2c5000 DEOPT UNPACKING pc=0x0000000002369164 sp=0x000000000a8be5a8 mode 2
Event: 1.935 Thread 0x000000000a27a000 DEOPT PACKING pc=0x00000000023abc44 sp=0x000000000a9beba0
Event: 1.935 Thread 0x000000000a27a000 DEOPT UNPACKING pc=0x0000000002369164 sp=0x000000000a9be930 mode 2
Event: 2.033 loading class 0x00000000086ddf20
Event: 2.033 loading class 0x00000000086ddf20 done


Dynamic libraries:
0x00007ff665e70000 - 0x00007ff665ea3000 	C:\Program Files\Java\jdk1.7.0_07\bin\java.exe
0x00007ffbfbb40000 - 0x00007ffbfbd02000 	C:\WINDOWS\SYSTEM32\ntdll.dll
0x00007ffbf9b70000 - 0x00007ffbf9c1d000 	C:\WINDOWS\system32\KERNEL32.DLL
0x00007ffbf8f90000 - 0x00007ffbf916d000 	C:\WINDOWS\system32\KERNELBASE.dll
0x00007ffbfb8c0000 - 0x00007ffbfb966000 	C:\WINDOWS\system32\ADVAPI32.dll
0x00007ffbfb500000 - 0x00007ffbfb59d000 	C:\WINDOWS\system32\msvcrt.dll
0x00007ffbfb340000 - 0x00007ffbfb39b000 	C:\WINDOWS\system32\sechost.dll
0x00007ffbfb3a0000 - 0x00007ffbfb4c6000 	C:\WINDOWS\system32\RPCRT4.dll
0x00007ffbf9c80000 - 0x00007ffbf9dce000 	C:\WINDOWS\system32\USER32.dll
0x00007ffbf96b0000 - 0x00007ffbf9836000 	C:\WINDOWS\system32\GDI32.dll
0x00007ffbed240000 - 0x00007ffbed4b4000 	C:\WINDOWS\WinSxS\amd64_microsoft.windows.common-controls_6595b64144ccf1df_6.0.10240.16384_none_f41f7b285750ef43\COMCTL32.dll
0x00007ffbfb670000 - 0x00007ffbfb6a6000 	C:\WINDOWS\system32\IMM32.DLL
0x00007ffbf91f0000 - 0x00007ffbf934c000 	C:\WINDOWS\system32\MSCTF.dll
0x00000000556a0000 - 0x0000000055771000 	C:\Program Files\Java\jdk1.7.0_07\jre\bin\msvcr100.dll
0x0000000055980000 - 0x000000005609f000 	C:\Program Files\Java\jdk1.7.0_07\jre\bin\server\jvm.dll
0x00007ffbfb4d0000 - 0x00007ffbfb4d8000 	C:\WINDOWS\system32\PSAPI.DLL
0x00007ffbebdb0000 - 0x00007ffbebdb9000 	C:\WINDOWS\SYSTEM32\WSOCK32.dll
0x00007ffbf6ae0000 - 0x00007ffbf6b03000 	C:\WINDOWS\SYSTEM32\WINMM.dll
0x00007ffbfb5a0000 - 0x00007ffbfb609000 	C:\WINDOWS\system32\WS2_32.dll
0x00007ffbf91d0000 - 0x00007ffbf91d8000 	C:\WINDOWS\system32\NSI.dll
0x00007ffbf67d0000 - 0x00007ffbf67fc000 	C:\WINDOWS\SYSTEM32\WINMMBASE.dll
0x00007ffbf85d0000 - 0x00007ffbf8614000 	C:\WINDOWS\system32\cfgmgr32.dll
0x00007ffbf6e00000 - 0x00007ffbf6e27000 	C:\WINDOWS\SYSTEM32\DEVOBJ.dll
0x0000000057130000 - 0x000000005713f000 	C:\Program Files\Java\jdk1.7.0_07\jre\bin\verify.dll
0x0000000057100000 - 0x0000000057128000 	C:\Program Files\Java\jdk1.7.0_07\jre\bin\java.dll
0x00000000570e0000 - 0x00000000570f5000 	C:\Program Files\Java\jdk1.7.0_07\jre\bin\zip.dll

VM Arguments:
jvm_args: -Djava.awt.headless=true -Xmx1024M -Dfile.encoding=windows-1252 -Duser.country=US -Duser.language=en -Duser.variant 
java_command: com.android.dx.command.Main --dex --force-jumbo --num-threads=4 --multi-dex --output E:\CrysoftDynamics\Projects\Tobias\app\build\intermediates\transforms\dex\debug\folders\1000\5\slice_8 E:\CrysoftDynamics\Projects\Tobias\app\build\intermediates\transforms\instantRunSlicer\debug\folders\1\5\slice_8
Launcher Type: SUN_STANDARD

Environment Variables:
PATH=C:\Python27\;C:\Python27\Scripts;C:\Program Files (x86)\NVIDIA Corporation\PhysX\Common;C:\Program Files (x86)\Intel\iCLS Client\;C:\Program Files\Intel\iCLS Client\;C:\WINDOWS\system32;C:\WINDOWS;C:\WINDOWS\System32\Wbem;C:\WINDOWS\System32\WindowsPowerShell\v1.0\;C:\Program Files (x86)\Intel\OpenCL SDK\2.0\bin\x86;C:\Program Files (x86)\Intel\OpenCL SDK\2.0\bin\x64;C:\Program Files\Intel\Intel(R) Management Engine Components\DAL;C:\Program Files\Intel\Intel(R) Management Engine Components\IPT;C:\Program Files (x86)\Intel\Intel(R) Management Engine Components\DAL;C:\Program Files (x86)\Intel\Intel(R) Management Engine Components\IPT;C:\Program Files\Sony\VAIO Improvement\;C:\Program Files (x86)\Sony\VAIO Startup Setting Tool;C:\Program Files (x86)\Intel\OpenCL SDK\2.0\bin\x86;C:\Program Files (x86)\Intel\OpenCL SDK\2.0\bin\x64;C:\ProgramData\ComposerSetup\bin;C:\Program Files (x86)\Northshore\ZendServer\share\ZendFramework\bin;C:\Program Files (x86)\Northshore\ZendServer\bin;C:\Program Files\nodejs\;C:\Program Files\Git\cmd;C:\Program Files (x86)\Heroku\bin;C:\Program Files (x86)\git\cmd;C:\Program Files (x86)\Git\cmd;C:\Users\Maxx\AppData\Roaming\npm
USERNAME=Maxx
OS=Windows_NT
PROCESSOR_IDENTIFIER=Intel64 Family 6 Model 58 Stepping 9, GenuineIntel



---------------  S Y S T E M  ---------------

OS: Windows 8 , 64 bit Build 9200 

CPU:total 4 (2 cores per cpu, 2 threads per core) family 6 model 58 stepping 9, cmov, cx8, fxsr, mmx, sse, sse2, sse3, ssse3, sse4.1, sse4.2, popcnt, avx, ht, tsc, tscinvbit, tscinv

Memory: 4k page, physical 8257932k(559652k free), swap 25552116k(5212k free)

vm_info: Java HotSpot(TM) 64-Bit Server VM (23.3-b01) for windows-amd64 JRE (1.7.0_07-b11), built on Sep  7 2012 01:19:25 by "java_re" with unknown MS VC++:1600

time: Thu Jul 21 12:45:28 2016
elapsed time: 2 seconds

