#
# There is insufficient memory for the Java Runtime Environment to continue.
# Native memory allocation (malloc) failed to allocate 131088 bytes for Chunk::new
# Possible reasons:
#   The system is out of physical RAM or swap space
#   In 32 bit mode, the process size limit was hit
# Possible solutions:
#   Reduce memory load on the system
#   Increase physical memory or swap space
#   Check if swap backing store is full
#   Use 64 bit Java on a 64 bit OS
#   Decrease Java heap size (-Xmx/-Xms)
#   Decrease number of Java threads
#   Decrease Java thread stack sizes (-Xss)
#   Set larger code cache with -XX:ReservedCodeCacheSize=
# This output file may be truncated or incomplete.
#
#  Out of Memory Error (allocation.cpp:328), pid=9948, tid=10228
#
# JRE version: 7.0_07-b11
# Java VM: Java HotSpot(TM) 64-Bit Server VM (23.3-b01 mixed mode windows-amd64 compressed oops)
# Failed to write core dump. Minidumps are not enabled by default on client versions of Windows
#

---------------  T H R E A D  ---------------

Current thread (0x0000000009060800):  JavaThread "C2 CompilerThread1" daemon [_thread_in_native, id=10228, stack(0x000000000a740000,0x000000000a840000)]

Stack: [0x000000000a740000,0x000000000a840000]

Current CompileTask:
C2:   3504  177   !         com.android.dx.cf.code.BytecodeArray::parseInstruction (2764 bytes)


---------------  P R O C E S S  ---------------

Java Threads: ( => current thread )
  0x000000000aaed000 JavaThread "pool-2-thread-4" [_thread_in_Java, id=7428, stack(0x000000000b240000,0x000000000b340000)]
  0x000000000aaec000 JavaThread "pool-2-thread-3" [_thread_in_Java, id=3424, stack(0x000000000b140000,0x000000000b240000)]
  0x000000000aad7000 JavaThread "pool-2-thread-2" [_thread_in_Java, id=1928, stack(0x000000000b040000,0x000000000b140000)]
  0x000000000aad6800 JavaThread "pool-3-thread-1" [_thread_blocked, id=3152, stack(0x000000000af40000,0x000000000b040000)]
  0x000000000aad5800 JavaThread "pool-2-thread-1" [_thread_in_vm_trans, id=12804, stack(0x000000000ae40000,0x000000000af40000)]
  0x0000000009075000 JavaThread "Service Thread" daemon [_thread_blocked, id=12256, stack(0x000000000a840000,0x000000000a940000)]
=>0x0000000009060800 JavaThread "C2 CompilerThread1" daemon [_thread_in_native, id=10228, stack(0x000000000a740000,0x000000000a840000)]
  0x000000000905f000 JavaThread "C2 CompilerThread0" daemon [_thread_in_native, id=13824, stack(0x000000000a640000,0x000000000a740000)]
  0x000000000905e000 JavaThread "Attach Listener" daemon [_thread_blocked, id=13172, stack(0x000000000a540000,0x000000000a640000)]
  0x000000000905a800 JavaThread "Signal Dispatcher" daemon [_thread_blocked, id=13248, stack(0x000000000a440000,0x000000000a540000)]
  0x0000000008ff6800 JavaThread "Finalizer" daemon [_thread_blocked, id=2568, stack(0x000000000a340000,0x000000000a440000)]
  0x0000000008fed800 JavaThread "Reference Handler" daemon [_thread_blocked, id=11748, stack(0x000000000a240000,0x000000000a340000)]
  0x0000000002a90800 JavaThread "main" [_thread_blocked, id=11780, stack(0x0000000002990000,0x0000000002a90000)]

Other Threads:
  0x0000000008fe6000 VMThread [stack: 0x000000000a140000,0x000000000a240000] [id=1388]
  0x000000000907e000 WatcherThread [stack: 0x000000000a940000,0x000000000aa40000] [id=4540]

VM state:not at safepoint (normal execution)

VM Mutex/Monitor currently owned by a thread: None

Heap
 PSYoungGen      total 37632K, used 28502K [0x00000000eaab0000, 0x00000000ed4b0000, 0x0000000100000000)
  eden space 32256K, 88% used [0x00000000eaab0000,0x00000000ec685af8,0x00000000eca30000)
  from space 5376K, 0% used [0x00000000ecf70000,0x00000000ecf70000,0x00000000ed4b0000)
  to   space 5376K, 0% used [0x00000000eca30000,0x00000000eca30000,0x00000000ecf70000)
 ParOldGen       total 86080K, used 0K [0x00000000c0000000, 0x00000000c5410000, 0x00000000eaab0000)
  object space 86080K, 0% used [0x00000000c0000000,0x00000000c0000000,0x00000000c5410000)
 PSPermGen       total 21248K, used 5456K [0x00000000bae00000, 0x00000000bc2c0000, 0x00000000c0000000)
  object space 21248K, 25% used [0x00000000bae00000,0x00000000bb3542e0,0x00000000bc2c0000)

Card table byte_map: [0x0000000005c50000,0x0000000005e80000] byte_map_base: 0x0000000005679000

Polling page: 0x00000000028b0000

Code Cache  [0x0000000002b90000, 0x0000000002e00000, 0x0000000005b90000)
 total_blobs=393 nmethods=180 adapters=164 free_code_cache=48364Kb largest_free_block=49476480

Compilation events (10 events):
Event: 3.468 Thread 0x000000000905f000 nmethod 170 0x0000000002c5c950 code [0x0000000002c5cc20, 0x0000000002c5e960]
Event: 3.468 Thread 0x000000000905f000  178             com.android.dx.cf.code.ByteOps::opInfo (6 bytes)
Event: 3.469 Thread 0x000000000905f000 nmethod 178 0x0000000002c4cb10 code [0x0000000002c4cc40, 0x0000000002c4cc98]
Event: 3.469 Thread 0x000000000905f000  179             java.util.ArrayList::clear (39 bytes)
Event: 3.471 Thread 0x000000000905f000 nmethod 179 0x0000000002c4c850 code [0x0000000002c4c980, 0x0000000002c4ca58]
Event: 3.471 Thread 0x000000000905f000  180             com.android.dx.rop.code.RegisterSpec::make (7 bytes)
Event: 3.471 Thread 0x000000000905f000 nmethod 180 0x0000000002c4dd90 code [0x0000000002c4dee0, 0x0000000002c4df48]
Event: 3.472 Thread 0x000000000905f000  181             com.android.dx.ssa.SsaBasicBlock::getParent (5 bytes)
Event: 3.472 Thread 0x000000000905f000 nmethod 181 0x0000000002c4db90 code [0x0000000002c4dcc0, 0x0000000002c4dd18]
Event: 3.472 Thread 0x000000000905f000  182             com.android.dx.ssa.SsaMethod::forEachBlockDepthFirst (194 bytes)

GC Heap History (0 events):
No events

Deoptimization events (2 events):
Event: 1.519 Thread 0x000000000aad7000 Uncommon trap -12 fr.pc 0x0000000002c052e8
Event: 1.755 Thread 0x000000000aaed000 Uncommon trap -12 fr.pc 0x0000000002c0ac38

Internal exceptions (10 events):
Event: 1.188 Thread 0x000000000aad5800 Threw 0x00000000eb33ada0 at C:\jdk7u1_64p\jdk7u7\hotspot\src\share\vm\prims\jvm.cpp:1166
Event: 1.190 Thread 0x000000000aaec000 Threw 0x00000000eb2d9078 at C:\jdk7u1_64p\jdk7u7\hotspot\src\share\vm\prims\jvm.cpp:1166
Event: 1.191 Thread 0x000000000aaed000 Threw 0x00000000eb465c58 at C:\jdk7u1_64p\jdk7u7\hotspot\src\share\vm\prims\jvm.cpp:1166
Event: 1.214 Thread 0x000000000aad5800 Threw 0x00000000eb3681f0 at C:\jdk7u1_64p\jdk7u7\hotspot\src\share\vm\prims\jvm.cpp:1166
Event: 1.451 Thread 0x000000000aaed000 Threw 0x00000000eb484910 at C:\jdk7u1_64p\jdk7u7\hotspot\src\share\vm\prims\jvm.cpp:1166
Event: 1.452 Thread 0x000000000aaed000 Threw 0x00000000eb48a158 at C:\jdk7u1_64p\jdk7u7\hotspot\src\share\vm\prims\jvm.cpp:1166
Event: 1.453 Thread 0x000000000aaed000 Threw 0x00000000eb48f738 at C:\jdk7u1_64p\jdk7u7\hotspot\src\share\vm\prims\jvm.cpp:1166
Event: 1.453 Thread 0x000000000aaec000 Threw 0x00000000eb5b07d8 at C:\jdk7u1_64p\jdk7u7\hotspot\src\share\vm\prims\jvm.cpp:1166
Event: 1.519 Thread 0x000000000aad7000 Implicit null exception at 0x0000000002c04f7e to 0x0000000002c052d1
Event: 1.755 Thread 0x000000000aaed000 Implicit null exception at 0x0000000002c0a374 to 0x0000000002c0ac1d

Events (10 events):
Event: 1.453 loading class 0x00000000091170f0
Event: 1.453 loading class 0x00000000091170f0 done
Event: 1.519 Thread 0x000000000aad7000 DEOPT PACKING pc=0x0000000002c052e8 sp=0x000000000b13e8e0
Event: 1.519 Thread 0x000000000aad7000 DEOPT UNPACKING pc=0x0000000002bc9164 sp=0x000000000b13e830 mode 2
Event: 1.707 loading class 0x0000000009019b80
Event: 1.707 loading class 0x0000000009019b80 done
Event: 1.755 Thread 0x000000000aaed000 DEOPT PACKING pc=0x0000000002c0ac38 sp=0x000000000b33e710
Event: 1.755 Thread 0x000000000aaed000 DEOPT UNPACKING pc=0x0000000002bc9164 sp=0x000000000b33e4a0 mode 2
Event: 2.325 loading class 0x0000000008f3b940
Event: 2.325 loading class 0x0000000008f3b940 done


Dynamic libraries:
0x00007ff61d890000 - 0x00007ff61d8c3000 	C:\Program Files\Java\jdk1.7.0_07\bin\java.exe
0x00007ffbfbb40000 - 0x00007ffbfbd02000 	C:\WINDOWS\SYSTEM32\ntdll.dll
0x00007ffbf9b70000 - 0x00007ffbf9c1d000 	C:\WINDOWS\system32\KERNEL32.DLL
0x00007ffbf8f90000 - 0x00007ffbf916d000 	C:\WINDOWS\system32\KERNELBASE.dll
0x00007ffbfb8c0000 - 0x00007ffbfb966000 	C:\WINDOWS\system32\ADVAPI32.dll
0x00007ffbfb500000 - 0x00007ffbfb59d000 	C:\WINDOWS\system32\msvcrt.dll
0x00007ffbfb340000 - 0x00007ffbfb39b000 	C:\WINDOWS\system32\sechost.dll
0x00007ffbfb3a0000 - 0x00007ffbfb4c6000 	C:\WINDOWS\system32\RPCRT4.dll
0x00007ffbf9c80000 - 0x00007ffbf9dce000 	C:\WINDOWS\system32\USER32.dll
0x00007ffbf96b0000 - 0x00007ffbf9836000 	C:\WINDOWS\system32\GDI32.dll
0x00007ffbed240000 - 0x00007ffbed4b4000 	C:\WINDOWS\WinSxS\amd64_microsoft.windows.common-controls_6595b64144ccf1df_6.0.10240.16384_none_f41f7b285750ef43\COMCTL32.dll
0x00007ffbfb670000 - 0x00007ffbfb6a6000 	C:\WINDOWS\system32\IMM32.DLL
0x00007ffbf91f0000 - 0x00007ffbf934c000 	C:\WINDOWS\system32\MSCTF.dll
0x00000000556a0000 - 0x0000000055771000 	C:\Program Files\Java\jdk1.7.0_07\jre\bin\msvcr100.dll
0x0000000055980000 - 0x000000005609f000 	C:\Program Files\Java\jdk1.7.0_07\jre\bin\server\jvm.dll
0x00007ffbfb4d0000 - 0x00007ffbfb4d8000 	C:\WINDOWS\system32\PSAPI.DLL
0x00007ffbebdb0000 - 0x00007ffbebdb9000 	C:\WINDOWS\SYSTEM32\WSOCK32.dll
0x00007ffbfb5a0000 - 0x00007ffbfb609000 	C:\WINDOWS\system32\WS2_32.dll
0x00007ffbf6ae0000 - 0x00007ffbf6b03000 	C:\WINDOWS\SYSTEM32\WINMM.dll
0x00007ffbf91d0000 - 0x00007ffbf91d8000 	C:\WINDOWS\system32\NSI.dll
0x00007ffbf67d0000 - 0x00007ffbf67fc000 	C:\WINDOWS\SYSTEM32\WINMMBASE.dll
0x00007ffbf85d0000 - 0x00007ffbf8614000 	C:\WINDOWS\system32\cfgmgr32.dll
0x00007ffbf6e00000 - 0x00007ffbf6e27000 	C:\WINDOWS\SYSTEM32\DEVOBJ.dll
0x0000000057130000 - 0x000000005713f000 	C:\Program Files\Java\jdk1.7.0_07\jre\bin\verify.dll
0x0000000057100000 - 0x0000000057128000 	C:\Program Files\Java\jdk1.7.0_07\jre\bin\java.dll
0x00000000570e0000 - 0x00000000570f5000 	C:\Program Files\Java\jdk1.7.0_07\jre\bin\zip.dll

VM Arguments:
jvm_args: -Djava.awt.headless=true -Xmx1024M -Dfile.encoding=windows-1252 -Duser.country=US -Duser.language=en -Duser.variant 
java_command: com.android.dx.command.Main --dex --force-jumbo --num-threads=4 --multi-dex --output E:\CrysoftDynamics\Projects\Tobias\app\build\intermediates\transforms\dex\debug\folders\1000\5\slice_8 E:\CrysoftDynamics\Projects\Tobias\app\build\intermediates\transforms\instantRunSlicer\debug\folders\1\5\slice_8
Launcher Type: SUN_STANDARD

Environment Variables:
PATH=C:\Python27\;C:\Python27\Scripts;C:\Program Files (x86)\NVIDIA Corporation\PhysX\Common;C:\Program Files (x86)\Intel\iCLS Client\;C:\Program Files\Intel\iCLS Client\;C:\WINDOWS\system32;C:\WINDOWS;C:\WINDOWS\System32\Wbem;C:\WINDOWS\System32\WindowsPowerShell\v1.0\;C:\Program Files (x86)\Intel\OpenCL SDK\2.0\bin\x86;C:\Program Files (x86)\Intel\OpenCL SDK\2.0\bin\x64;C:\Program Files\Intel\Intel(R) Management Engine Components\DAL;C:\Program Files\Intel\Intel(R) Management Engine Components\IPT;C:\Program Files (x86)\Intel\Intel(R) Management Engine Components\DAL;C:\Program Files (x86)\Intel\Intel(R) Management Engine Components\IPT;C:\Program Files\Sony\VAIO Improvement\;C:\Program Files (x86)\Sony\VAIO Startup Setting Tool;C:\Program Files (x86)\Intel\OpenCL SDK\2.0\bin\x86;C:\Program Files (x86)\Intel\OpenCL SDK\2.0\bin\x64;C:\ProgramData\ComposerSetup\bin;C:\Program Files (x86)\Northshore\ZendServer\share\ZendFramework\bin;C:\Program Files (x86)\Northshore\ZendServer\bin;C:\Program Files\nodejs\;C:\Program Files\Git\cmd;C:\Program Files (x86)\Heroku\bin;C:\Program Files (x86)\git\cmd;C:\Program Files (x86)\Git\cmd;C:\Users\Maxx\AppData\Roaming\npm
USERNAME=Maxx
OS=Windows_NT
PROCESSOR_IDENTIFIER=Intel64 Family 6 Model 58 Stepping 9, GenuineIntel



---------------  S Y S T E M  ---------------

OS: Windows 8 , 64 bit Build 9200 

CPU:total 4 (2 cores per cpu, 2 threads per core) family 6 model 58 stepping 9, cmov, cx8, fxsr, mmx, sse, sse2, sse3, ssse3, sse4.1, sse4.2, popcnt, avx, ht, tsc, tscinvbit, tscinv

Memory: 4k page, physical 8257932k(595644k free), swap 25704980k(5192k free)

vm_info: Java HotSpot(TM) 64-Bit Server VM (23.3-b01) for windows-amd64 JRE (1.7.0_07-b11), built on Sep  7 2012 01:19:25 by "java_re" with unknown MS VC++:1600

time: Thu Jul 21 13:41:24 2016
elapsed time: 3 seconds

