#
# There is insufficient memory for the Java Runtime Environment to continue.
# Native memory allocation (malloc) failed to allocate 231456 bytes for Chunk::new
# Possible reasons:
#   The system is out of physical RAM or swap space
#   In 32 bit mode, the process size limit was hit
# Possible solutions:
#   Reduce memory load on the system
#   Increase physical memory or swap space
#   Check if swap backing store is full
#   Use 64 bit Java on a 64 bit OS
#   Decrease Java heap size (-Xmx/-Xms)
#   Decrease number of Java threads
#   Decrease Java thread stack sizes (-Xss)
#   Set larger code cache with -XX:ReservedCodeCacheSize=
# This output file may be truncated or incomplete.
#
#  Out of Memory Error (allocation.cpp:328), pid=4752, tid=4140
#
# JRE version: 7.0_07-b11
# Java VM: Java HotSpot(TM) 64-Bit Server VM (23.3-b01 mixed mode windows-amd64 compressed oops)
# Failed to write core dump. Minidumps are not enabled by default on client versions of Windows
#

---------------  T H R E A D  ---------------

Current thread (0x0000000008c0f000):  JavaThread "C2 CompilerThread0" daemon [_thread_in_native, id=4140, stack(0x000000000a1d0000,0x000000000a2d0000)]

Stack: [0x000000000a1d0000,0x000000000a2d0000]
[error occurred during error reporting (printing stack bounds), id 0xc0000005]


[error occurred during error reporting (printing native stack), id 0xc0000005]


Current CompileTask:
C2:   2426  140             com.android.dx.ssa.back.LivenessAnalyzer::run (231 bytes)


---------------  P R O C E S S  ---------------

Java Threads: ( => current thread )
  0x000000000a6a8800 JavaThread "pool-2-thread-4" [_thread_in_Java, id=9572, stack(0x000000000add0000,0x000000000aed0000)]
  0x000000000a6a3800 JavaThread "pool-2-thread-3" [_thread_in_Java, id=5908, stack(0x000000000acd0000,0x000000000add0000)]
  0x000000000a6a1000 JavaThread "pool-2-thread-2" [_thread_in_Java, id=11376, stack(0x000000000abd0000,0x000000000acd0000)]
  0x000000000a6a0000 JavaThread "pool-3-thread-1" [_thread_blocked, id=13640, stack(0x000000000aad0000,0x000000000abd0000)]
  0x0000000008c56000 JavaThread "pool-2-thread-1" [_thread_in_Java, id=14076, stack(0x000000000a9d0000,0x000000000aad0000)]
  0x0000000008c21000 JavaThread "Service Thread" daemon [_thread_blocked, id=11800, stack(0x000000000a3d0000,0x000000000a4d0000)]
  0x0000000008c19000 JavaThread "C2 CompilerThread1" daemon [_thread_in_vm, id=7164, stack(0x000000000a2d0000,0x000000000a3d0000)]
=>0x0000000008c0f000 JavaThread "C2 CompilerThread0" daemon [_thread_in_native, id=4140, stack(0x000000000a1d0000,0x000000000a2d0000)]
  0x0000000008c0e000 JavaThread "Attach Listener" daemon [_thread_blocked, id=12860, stack(0x000000000a0d0000,0x000000000a1d0000)]
  0x0000000008c0a800 JavaThread "Signal Dispatcher" daemon [_thread_blocked, id=8420, stack(0x0000000009fd0000,0x000000000a0d0000)]
  0x0000000008ba6800 JavaThread "Finalizer" daemon [_thread_blocked, id=11764, stack(0x0000000009ed0000,0x0000000009fd0000)]
  0x0000000008b9d800 JavaThread "Reference Handler" daemon [_thread_blocked, id=12628, stack(0x0000000009dd0000,0x0000000009ed0000)]
  0x0000000002700800 JavaThread "main" [_thread_blocked, id=2940, stack(0x0000000002600000,0x0000000002700000)]

Other Threads:
  0x0000000008b96000 VMThread [stack: 0x0000000009cd0000,0x0000000009dd0000] [id=220]
  0x0000000008c2e000 WatcherThread [stack: 0x000000000a4d0000,0x000000000a5d0000] [id=12256]

VM state:not at safepoint (normal execution)

VM Mutex/Monitor currently owned by a thread: None

Heap
 PSYoungGen      total 37632K, used 19625K [0x00000000eaab0000, 0x00000000ed4b0000, 0x0000000100000000)
  eden space 32256K, 60% used [0x00000000eaab0000,0x00000000ebdda4e8,0x00000000eca30000)
  from space 5376K, 0% used [0x00000000ecf70000,0x00000000ecf70000,0x00000000ed4b0000)
  to   space 5376K, 0% used [0x00000000eca30000,0x00000000eca30000,0x00000000ecf70000)
 ParOldGen       total 86080K, used 0K [0x00000000c0000000, 0x00000000c5410000, 0x00000000eaab0000)
  object space 86080K, 0% used [0x00000000c0000000,0x00000000c0000000,0x00000000c5410000)
 PSPermGen       total 21248K, used 5360K [0x00000000bae00000, 0x00000000bc2c0000, 0x00000000c0000000)
  object space 21248K, 25% used [0x00000000bae00000,0x00000000bb33c1f0,0x00000000bc2c0000)

Card table byte_map: [0x0000000005800000,0x0000000005a30000] byte_map_base: 0x0000000005229000

Polling page: 0x0000000000870000

Code Cache  [0x0000000002800000, 0x0000000002a70000, 0x0000000005800000)
 total_blobs=365 nmethods=152 adapters=164 free_code_cache=48518Kb largest_free_block=49647808

Compilation events (10 events):
Event: 2.216 Thread 0x0000000008c0f000 nmethod 135 0x0000000002891450 code [0x0000000002891580, 0x0000000002891618]
Event: 2.225 Thread 0x0000000008c0f000  136             com.android.dx.rop.code.BasicBlockList$RegCountVisitor::visit (52 bytes)
Event: 2.230 Thread 0x0000000008c0f000 nmethod 136 0x0000000002890cd0 code [0x0000000002890e20, 0x0000000002891078]
Event: 2.233 Thread 0x0000000008c0f000  137             com.android.dx.rop.code.Insn::<init> (69 bytes)
Event: 2.234 Thread 0x0000000008c0f000 nmethod 137 0x00000000028909d0 code [0x0000000002890b00, 0x0000000002890bf8]
Event: 2.241 Thread 0x0000000008c0f000  138             java.util.Collections$UnmodifiableCollection$1::hasNext (10 bytes)
Event: 2.242 Thread 0x0000000008c0f000 nmethod 138 0x00000000028906d0 code [0x0000000002890820, 0x00000000028908d8]
Event: 2.297 Thread 0x0000000008c0f000  139             java.util.ArrayList::<init> (44 bytes)
Event: 2.299 Thread 0x0000000008c0f000 nmethod 139 0x0000000002898c50 code [0x0000000002898da0, 0x0000000002898eb8]
Event: 2.299 Thread 0x0000000008c0f000  140             com.android.dx.ssa.back.LivenessAnalyzer::run (231 bytes)

GC Heap History (0 events):
No events

Deoptimization events (3 events):
Event: 1.159 Thread 0x000000000a6a3800 Uncommon trap -12 fr.pc 0x00000000028713e8
Event: 1.360 Thread 0x000000000a6a3800 Uncommon trap -12 fr.pc 0x0000000002876b84
Event: 1.912 Thread 0x000000000a6a3800 Uncommon trap -12 fr.pc 0x000000000288035c

Internal exceptions (10 events):
Event: 1.090 Thread 0x0000000008c56000 Threw 0x00000000eb475338 at C:\jdk7u1_64p\jdk7u7\hotspot\src\share\vm\prims\jvm.cpp:1166
Event: 1.091 Thread 0x0000000008c56000 Threw 0x00000000eb4797f0 at C:\jdk7u1_64p\jdk7u7\hotspot\src\share\vm\prims\jvm.cpp:1166
Event: 1.092 Thread 0x0000000008c56000 Threw 0x00000000eb47f008 at C:\jdk7u1_64p\jdk7u7\hotspot\src\share\vm\prims\jvm.cpp:1166
Event: 1.108 Thread 0x0000000008c56000 Threw 0x00000000eb487ab0 at C:\jdk7u1_64p\jdk7u7\hotspot\src\share\vm\prims\jvm.cpp:1166
Event: 1.109 Thread 0x0000000008c56000 Threw 0x00000000eb48ccd0 at C:\jdk7u1_64p\jdk7u7\hotspot\src\share\vm\prims\jvm.cpp:1166
Event: 1.110 Thread 0x0000000008c56000 Threw 0x00000000eb48fab8 at C:\jdk7u1_64p\jdk7u7\hotspot\src\share\vm\prims\jvm.cpp:1166
Event: 1.110 Thread 0x000000000a6a1000 Threw 0x00000000eb153968 at C:\jdk7u1_64p\jdk7u7\hotspot\src\share\vm\prims\jvm.cpp:1166
Event: 1.159 Thread 0x000000000a6a3800 Implicit null exception at 0x000000000287107e to 0x00000000028713d1
Event: 1.360 Thread 0x000000000a6a3800 Implicit null exception at 0x00000000028763d6 to 0x0000000002876b69
Event: 1.912 Thread 0x000000000a6a3800 Implicit null exception at 0x000000000287f890 to 0x0000000002880341

Events (10 events):
Event: 1.110 loading class 0x000000000a67fad0
Event: 1.110 loading class 0x000000000a67fad0 done
Event: 1.159 Thread 0x000000000a6a3800 DEOPT PACKING pc=0x00000000028713e8 sp=0x000000000adced20
Event: 1.159 Thread 0x000000000a6a3800 DEOPT UNPACKING pc=0x0000000002839164 sp=0x000000000adcec70 mode 2
Event: 1.360 Thread 0x000000000a6a3800 DEOPT PACKING pc=0x0000000002876b84 sp=0x000000000adceec0
Event: 1.360 Thread 0x000000000a6a3800 DEOPT UNPACKING pc=0x0000000002839164 sp=0x000000000adcec50 mode 2
Event: 1.712 loading class 0x0000000008aecf90
Event: 1.712 loading class 0x0000000008aecf90 done
Event: 1.912 Thread 0x000000000a6a3800 DEOPT PACKING pc=0x000000000288035c sp=0x000000000adceec0
Event: 1.912 Thread 0x000000000a6a3800 DEOPT UNPACKING pc=0x0000000002839164 sp=0x000000000adcecb8 mode 2


Dynamic libraries:
0x00007ff665e70000 - 0x00007ff665ea3000 	C:\Program Files\Java\jdk1.7.0_07\bin\java.exe
0x00007ffbfbb40000 - 0x00007ffbfbd02000 	C:\WINDOWS\SYSTEM32\ntdll.dll
0x00007ffbf9b70000 - 0x00007ffbf9c1d000 	C:\WINDOWS\system32\KERNEL32.DLL
0x00007ffbf8f90000 - 0x00007ffbf916d000 	C:\WINDOWS\system32\KERNELBASE.dll
0x00007ffbfb8c0000 - 0x00007ffbfb966000 	C:\WINDOWS\system32\ADVAPI32.dll
0x00007ffbfb500000 - 0x00007ffbfb59d000 	C:\WINDOWS\system32\msvcrt.dll
0x00007ffbfb340000 - 0x00007ffbfb39b000 	C:\WINDOWS\system32\sechost.dll
0x00007ffbfb3a0000 - 0x00007ffbfb4c6000 	C:\WINDOWS\system32\RPCRT4.dll
0x00007ffbf9c80000 - 0x00007ffbf9dce000 	C:\WINDOWS\system32\USER32.dll
0x00007ffbf96b0000 - 0x00007ffbf9836000 	C:\WINDOWS\system32\GDI32.dll
0x00007ffbed240000 - 0x00007ffbed4b4000 	C:\WINDOWS\WinSxS\amd64_microsoft.windows.common-controls_6595b64144ccf1df_6.0.10240.16384_none_f41f7b285750ef43\COMCTL32.dll
0x00007ffbfb670000 - 0x00007ffbfb6a6000 	C:\WINDOWS\system32\IMM32.DLL
0x00007ffbf91f0000 - 0x00007ffbf934c000 	C:\WINDOWS\system32\MSCTF.dll
0x00000000556a0000 - 0x0000000055771000 	C:\Program Files\Java\jdk1.7.0_07\jre\bin\msvcr100.dll
0x0000000055980000 - 0x000000005609f000 	C:\Program Files\Java\jdk1.7.0_07\jre\bin\server\jvm.dll
0x00007ffbfb4d0000 - 0x00007ffbfb4d8000 	C:\WINDOWS\system32\PSAPI.DLL
0x00007ffbebdb0000 - 0x00007ffbebdb9000 	C:\WINDOWS\SYSTEM32\WSOCK32.dll
0x00007ffbf6ae0000 - 0x00007ffbf6b03000 	C:\WINDOWS\SYSTEM32\WINMM.dll
0x00007ffbfb5a0000 - 0x00007ffbfb609000 	C:\WINDOWS\system32\WS2_32.dll
0x00007ffbf91d0000 - 0x00007ffbf91d8000 	C:\WINDOWS\system32\NSI.dll
0x00007ffbf67d0000 - 0x00007ffbf67fc000 	C:\WINDOWS\SYSTEM32\WINMMBASE.dll
0x00007ffbf85d0000 - 0x00007ffbf8614000 	C:\WINDOWS\system32\cfgmgr32.dll
0x00007ffbf6e00000 - 0x00007ffbf6e27000 	C:\WINDOWS\SYSTEM32\DEVOBJ.dll
0x0000000057130000 - 0x000000005713f000 	C:\Program Files\Java\jdk1.7.0_07\jre\bin\verify.dll
0x0000000057100000 - 0x0000000057128000 	C:\Program Files\Java\jdk1.7.0_07\jre\bin\java.dll
0x00000000570e0000 - 0x00000000570f5000 	C:\Program Files\Java\jdk1.7.0_07\jre\bin\zip.dll

VM Arguments:
jvm_args: -Djava.awt.headless=true -Xmx1024M -Dfile.encoding=windows-1252 -Duser.country=US -Duser.language=en -Duser.variant 
java_command: com.android.dx.command.Main --dex --force-jumbo --num-threads=4 --multi-dex --output E:\CrysoftDynamics\Projects\Tobias\app\build\intermediates\transforms\dex\debug\folders\1000\5\slice_1 E:\CrysoftDynamics\Projects\Tobias\app\build\intermediates\transforms\instantRunSlicer\debug\folders\1\5\slice_1
Launcher Type: SUN_STANDARD

Environment Variables:
PATH=C:\Python27\;C:\Python27\Scripts;C:\Program Files (x86)\NVIDIA Corporation\PhysX\Common;C:\Program Files (x86)\Intel\iCLS Client\;C:\Program Files\Intel\iCLS Client\;C:\WINDOWS\system32;C:\WINDOWS;C:\WINDOWS\System32\Wbem;C:\WINDOWS\System32\WindowsPowerShell\v1.0\;C:\Program Files (x86)\Intel\OpenCL SDK\2.0\bin\x86;C:\Program Files (x86)\Intel\OpenCL SDK\2.0\bin\x64;C:\Program Files\Intel\Intel(R) Management Engine Components\DAL;C:\Program Files\Intel\Intel(R) Management Engine Components\IPT;C:\Program Files (x86)\Intel\Intel(R) Management Engine Components\DAL;C:\Program Files (x86)\Intel\Intel(R) Management Engine Components\IPT;C:\Program Files\Sony\VAIO Improvement\;C:\Program Files (x86)\Sony\VAIO Startup Setting Tool;C:\Program Files (x86)\Intel\OpenCL SDK\2.0\bin\x86;C:\Program Files (x86)\Intel\OpenCL SDK\2.0\bin\x64;C:\ProgramData\ComposerSetup\bin;C:\Program Files (x86)\Northshore\ZendServer\share\ZendFramework\bin;C:\Program Files (x86)\Northshore\ZendServer\bin;C:\Program Files\nodejs\;C:\Program Files\Git\cmd;C:\Program Files (x86)\Heroku\bin;C:\Program Files (x86)\git\cmd;C:\Program Files (x86)\Git\cmd;C:\Users\Maxx\AppData\Roaming\npm
USERNAME=Maxx
OS=Windows_NT
PROCESSOR_IDENTIFIER=Intel64 Family 6 Model 58 Stepping 9, GenuineIntel



---------------  S Y S T E M  ---------------

OS: Windows 8 , 64 bit Build 9200 

CPU:total 4 (2 cores per cpu, 2 threads per core) family 6 model 58 stepping 9, cmov, cx8, fxsr, mmx, sse, sse2, sse3, ssse3, sse4.1, sse4.2, popcnt, avx, ht, tsc, tscinvbit, tscinv

Memory: 4k page, physical 8257932k(523304k free), swap 25550772k(4312k free)

vm_info: Java HotSpot(TM) 64-Bit Server VM (23.3-b01) for windows-amd64 JRE (1.7.0_07-b11), built on Sep  7 2012 01:19:25 by "java_re" with unknown MS VC++:1600

