#
# There is insufficient memory for the Java Runtime Environment to continue.
# Native memory allocation (malloc) failed to allocate 36656 bytes for Chunk::new
# Possible reasons:
#   The system is out of physical RAM or swap space
#   In 32 bit mode, the process size limit was hit
# Possible solutions:
#   Reduce memory load on the system
#   Increase physical memory or swap space
#   Check if swap backing store is full
#   Use 64 bit Java on a 64 bit OS
#   Decrease Java heap size (-Xmx/-Xms)
#   Decrease number of Java threads
#   Decrease Java thread stack sizes (-Xss)
#   Set larger code cache with -XX:ReservedCodeCacheSize=
# This output file may be truncated or incomplete.
#
#  Out of Memory Error (allocation.cpp:328), pid=11572, tid=13884
#
# JRE version: 7.0_07-b11
# Java VM: Java HotSpot(TM) 64-Bit Server VM (23.3-b01 mixed mode windows-amd64 compressed oops)
# Failed to write core dump. Minidumps are not enabled by default on client versions of Windows
#

---------------  T H R E A D  ---------------

Current thread (0x0000000008c1f000):  JavaThread "C2 CompilerThread0" daemon [_thread_in_native, id=13884, stack(0x000000000a1d0000,0x000000000a2d0000)]

Stack: [0x000000000a1d0000,0x000000000a2d0000]

Current CompileTask:
C2:   1698   16             java.lang.String::startsWith (72 bytes)


---------------  P R O C E S S  ---------------

Java Threads: ( => current thread )
  0x000000000a6db800 JavaThread "pool-2-thread-4" [_thread_new, id=3940, stack(0x0000000000000000,0x0000000000000000)]
  0x000000000a6ab000 JavaThread "pool-2-thread-3" [_thread_in_vm, id=2940, stack(0x000000000acd0000,0x000000000add0000)]
  0x000000000a6a6800 JavaThread "pool-2-thread-2" [_thread_in_vm, id=2764, stack(0x000000000abd0000,0x000000000acd0000)]
  0x000000000a69d000 JavaThread "pool-3-thread-1" [_thread_blocked, id=7164, stack(0x000000000aad0000,0x000000000abd0000)]
  0x000000000a69c800 JavaThread "pool-2-thread-1" [_thread_blocked, id=11800, stack(0x000000000a9d0000,0x000000000aad0000)]
  0x0000000008c2f000 JavaThread "Service Thread" daemon [_thread_blocked, id=2564, stack(0x000000000a3d0000,0x000000000a4d0000)]
  0x0000000008c29000 JavaThread "C2 CompilerThread1" daemon [_thread_blocked, id=11368, stack(0x000000000a2d0000,0x000000000a3d0000)]
=>0x0000000008c1f000 JavaThread "C2 CompilerThread0" daemon [_thread_in_native, id=13884, stack(0x000000000a1d0000,0x000000000a2d0000)]
  0x0000000008c1e000 JavaThread "Attach Listener" daemon [_thread_blocked, id=12608, stack(0x000000000a0d0000,0x000000000a1d0000)]
  0x0000000008c1a800 JavaThread "Signal Dispatcher" daemon [_thread_blocked, id=732, stack(0x0000000009fd0000,0x000000000a0d0000)]
  0x0000000008bb6800 JavaThread "Finalizer" daemon [_thread_blocked, id=10500, stack(0x0000000009ed0000,0x0000000009fd0000)]
  0x0000000008bad800 JavaThread "Reference Handler" daemon [_thread_blocked, id=7656, stack(0x0000000009dd0000,0x0000000009ed0000)]
  0x000000000254e000 JavaThread "main" [_thread_in_native_trans, id=12552, stack(0x0000000002550000,0x0000000002650000)]

Other Threads:
  0x0000000008ba6000 VMThread [stack: 0x0000000009cd0000,0x0000000009dd0000] [id=10812]
  0x0000000008c3c800 WatcherThread [stack: 0x000000000a4d0000,0x000000000a5d0000] [id=3816]

VM state:not at safepoint (normal execution)

VM Mutex/Monitor currently owned by a thread: None

Heap
 PSYoungGen      total 37632K, used 6454K [0x00000000eaab0000, 0x00000000ed4b0000, 0x0000000100000000)
  eden space 32256K, 20% used [0x00000000eaab0000,0x00000000eb0fd840,0x00000000eca30000)
  from space 5376K, 0% used [0x00000000ecf70000,0x00000000ecf70000,0x00000000ed4b0000)
  to   space 5376K, 0% used [0x00000000eca30000,0x00000000eca30000,0x00000000ecf70000)
 ParOldGen       total 86080K, used 0K [0x00000000c0000000, 0x00000000c5410000, 0x00000000eaab0000)
  object space 86080K, 0% used [0x00000000c0000000,0x00000000c0000000,0x00000000c5410000)
 PSPermGen       total 21248K, used 4422K [0x00000000bae00000, 0x00000000bc2c0000, 0x00000000c0000000)
  object space 21248K, 20% used [0x00000000bae00000,0x00000000bb252278,0x00000000bc2c0000)

Card table byte_map: [0x0000000005810000,0x0000000005a40000] byte_map_base: 0x0000000005239000

Polling page: 0x00000000023a0000

Code Cache  [0x0000000002750000, 0x00000000029c0000, 0x0000000005750000)
 total_blobs=238 nmethods=15 adapters=175 free_code_cache=48728Kb largest_free_block=49878848

Compilation events (10 events):
Event: 1.674 Thread 0x0000000008c1f000 nmethod 11 0x00000000027b8710 code [0x00000000027b8840, 0x00000000027b88b8]
Event: 1.676 Thread 0x0000000008c29000 nmethod 10 0x00000000027b8210 code [0x00000000027b8360, 0x00000000027b8598]
Event: 1.677 Thread 0x0000000008c1f000   12             com.android.dx.util.ByteArray::getUnsignedByte0 (16 bytes)
Event: 1.677 Thread 0x0000000008c1f000 nmethod 12 0x00000000027bb990 code [0x00000000027bbac0, 0x00000000027bbb58]
Event: 1.680 Thread 0x0000000008c29000   13             com.android.dx.util.ByteArray::checkOffsets (66 bytes)
Event: 1.681 Thread 0x0000000008c29000 nmethod 13 0x00000000027bccd0 code [0x00000000027bce00, 0x00000000027bce78]
Event: 1.687 Thread 0x0000000008c1f000   14             com.android.dx.util.ByteArray::getUnsignedByte (14 bytes)
Event: 1.688 Thread 0x0000000008c1f000 nmethod 14 0x00000000027bc9d0 code [0x00000000027bcb00, 0x00000000027bcbb8]
Event: 1.689 Thread 0x0000000008c29000   15             com.android.dx.rop.cst.CstString::utf8BytesToString (391 bytes)
Event: 1.695 Thread 0x0000000008c1f000   16             java.lang.String::startsWith (72 bytes)

GC Heap History (0 events):
No events

Deoptimization events (0 events):
No events

Internal exceptions (10 events):
Event: 1.691 Thread 0x000000000a6a6800 Threw 0x00000000eaefa9b0 at C:\jdk7u1_64p\jdk7u7\hotspot\src\share\vm\prims\jvm.cpp:1166
Event: 1.692 Thread 0x000000000a6a6800 Threw 0x00000000eaf039d8 at C:\jdk7u1_64p\jdk7u7\hotspot\src\share\vm\prims\jvm.cpp:1166
Event: 1.692 Thread 0x000000000a6a6800 Threw 0x00000000eaf07d70 at C:\jdk7u1_64p\jdk7u7\hotspot\src\share\vm\prims\jvm.cpp:1166
Event: 1.693 Thread 0x000000000a6ab000 Threw 0x00000000eafd2960 at C:\jdk7u1_64p\jdk7u7\hotspot\src\share\vm\prims\jvm.cpp:1166
Event: 1.693 Thread 0x000000000a6a6800 Threw 0x00000000eaf0b2a0 at C:\jdk7u1_64p\jdk7u7\hotspot\src\share\vm\prims\jvm.cpp:1166
Event: 1.694 Thread 0x000000000a6a6800 Threw 0x00000000eaf10ab8 at C:\jdk7u1_64p\jdk7u7\hotspot\src\share\vm\prims\jvm.cpp:1166
Event: 1.694 Thread 0x000000000a6ab000 Threw 0x00000000eafd7d58 at C:\jdk7u1_64p\jdk7u7\hotspot\src\share\vm\prims\jvm.cpp:1166
Event: 1.695 Thread 0x000000000a6ab000 Threw 0x00000000eafdb208 at C:\jdk7u1_64p\jdk7u7\hotspot\src\share\vm\prims\jvm.cpp:1166
Event: 1.696 Thread 0x000000000a6a6800 Threw 0x00000000eaf193b0 at C:\jdk7u1_64p\jdk7u7\hotspot\src\share\vm\prims\jvm.cpp:1166
Event: 1.696 Thread 0x000000000a6a6800 Threw 0x00000000eb05ec18 at C:\jdk7u1_64p\jdk7u7\hotspot\src\share\vm\prims\jvm.cpp:1166

Events (10 events):
Event: 1.694 loading class 0x000000000a6988b0
Event: 1.694 loading class 0x000000000a6988b0 done
Event: 1.694 loading class 0x000000000a697cb0
Event: 1.694 loading class 0x000000000a697cb0 done
Event: 1.695 loading class 0x000000000a697330
Event: 1.695 loading class 0x000000000a697330 done
Event: 1.695 loading class 0x0000000008c559b0
Event: 1.695 loading class 0x0000000008c559b0 done
Event: 1.696 loading class 0x0000000008c6f310
Event: 1.696 loading class 0x0000000008c6f310 done


Dynamic libraries:
0x00007ff665e70000 - 0x00007ff665ea3000 	C:\Program Files\Java\jdk1.7.0_07\bin\java.exe
0x00007ffbfbb40000 - 0x00007ffbfbd02000 	C:\WINDOWS\SYSTEM32\ntdll.dll
0x00007ffbf9b70000 - 0x00007ffbf9c1d000 	C:\WINDOWS\system32\KERNEL32.DLL
0x00007ffbf8f90000 - 0x00007ffbf916d000 	C:\WINDOWS\system32\KERNELBASE.dll
0x00007ffbfb8c0000 - 0x00007ffbfb966000 	C:\WINDOWS\system32\ADVAPI32.dll
0x00007ffbfb500000 - 0x00007ffbfb59d000 	C:\WINDOWS\system32\msvcrt.dll
0x00007ffbfb340000 - 0x00007ffbfb39b000 	C:\WINDOWS\system32\sechost.dll
0x00007ffbfb3a0000 - 0x00007ffbfb4c6000 	C:\WINDOWS\system32\RPCRT4.dll
0x00007ffbf9c80000 - 0x00007ffbf9dce000 	C:\WINDOWS\system32\USER32.dll
0x00007ffbf96b0000 - 0x00007ffbf9836000 	C:\WINDOWS\system32\GDI32.dll
0x00007ffbed240000 - 0x00007ffbed4b4000 	C:\WINDOWS\WinSxS\amd64_microsoft.windows.common-controls_6595b64144ccf1df_6.0.10240.16384_none_f41f7b285750ef43\COMCTL32.dll
0x00007ffbfb670000 - 0x00007ffbfb6a6000 	C:\WINDOWS\system32\IMM32.DLL
0x00007ffbf91f0000 - 0x00007ffbf934c000 	C:\WINDOWS\system32\MSCTF.dll
0x00000000556a0000 - 0x0000000055771000 	C:\Program Files\Java\jdk1.7.0_07\jre\bin\msvcr100.dll
0x0000000055980000 - 0x000000005609f000 	C:\Program Files\Java\jdk1.7.0_07\jre\bin\server\jvm.dll
0x00007ffbfb4d0000 - 0x00007ffbfb4d8000 	C:\WINDOWS\system32\PSAPI.DLL
0x00007ffbebdb0000 - 0x00007ffbebdb9000 	C:\WINDOWS\SYSTEM32\WSOCK32.dll
0x00007ffbf6ae0000 - 0x00007ffbf6b03000 	C:\WINDOWS\SYSTEM32\WINMM.dll
0x00007ffbfb5a0000 - 0x00007ffbfb609000 	C:\WINDOWS\system32\WS2_32.dll
0x00007ffbf91d0000 - 0x00007ffbf91d8000 	C:\WINDOWS\system32\NSI.dll
0x00007ffbf67d0000 - 0x00007ffbf67fc000 	C:\WINDOWS\SYSTEM32\WINMMBASE.dll
0x00007ffbf85d0000 - 0x00007ffbf8614000 	C:\WINDOWS\system32\cfgmgr32.dll
0x00007ffbf6e00000 - 0x00007ffbf6e27000 	C:\WINDOWS\SYSTEM32\DEVOBJ.dll
0x0000000057130000 - 0x000000005713f000 	C:\Program Files\Java\jdk1.7.0_07\jre\bin\verify.dll
0x0000000057100000 - 0x0000000057128000 	C:\Program Files\Java\jdk1.7.0_07\jre\bin\java.dll
0x00000000570e0000 - 0x00000000570f5000 	C:\Program Files\Java\jdk1.7.0_07\jre\bin\zip.dll
0x00000000570c0000 - 0x00000000570d9000 	C:\Program Files\Java\jdk1.7.0_07\jre\bin\net.dll
0x00007ffbf7d40000 - 0x00007ffbf7d9d000 	C:\WINDOWS\system32\mswsock.dll
0x00000000570a0000 - 0x00000000570b1000 	C:\Program Files\Java\jdk1.7.0_07\jre\bin\nio.dll

VM Arguments:
jvm_args: -Djava.awt.headless=true -Xmx1024M -Dfile.encoding=windows-1252 -Duser.country=US -Duser.language=en -Duser.variant 
java_command: com.android.dx.command.Main --dex --force-jumbo --num-threads=4 --multi-dex --output E:\CrysoftDynamics\Projects\Tobias\app\build\intermediates\transforms\dex\debug\folders\1000\10\instant-run_966bf84481c43641f05af6242e785cb4ca75adab E:\CrysoftDynamics\Projects\Tobias\app\build\intermediates\incremental-runtime-classes\debug\instant-run.jar
Launcher Type: SUN_STANDARD

Environment Variables:
PATH=C:\Python27\;C:\Python27\Scripts;C:\Program Files (x86)\NVIDIA Corporation\PhysX\Common;C:\Program Files (x86)\Intel\iCLS Client\;C:\Program Files\Intel\iCLS Client\;C:\WINDOWS\system32;C:\WINDOWS;C:\WINDOWS\System32\Wbem;C:\WINDOWS\System32\WindowsPowerShell\v1.0\;C:\Program Files (x86)\Intel\OpenCL SDK\2.0\bin\x86;C:\Program Files (x86)\Intel\OpenCL SDK\2.0\bin\x64;C:\Program Files\Intel\Intel(R) Management Engine Components\DAL;C:\Program Files\Intel\Intel(R) Management Engine Components\IPT;C:\Program Files (x86)\Intel\Intel(R) Management Engine Components\DAL;C:\Program Files (x86)\Intel\Intel(R) Management Engine Components\IPT;C:\Program Files\Sony\VAIO Improvement\;C:\Program Files (x86)\Sony\VAIO Startup Setting Tool;C:\Program Files (x86)\Intel\OpenCL SDK\2.0\bin\x86;C:\Program Files (x86)\Intel\OpenCL SDK\2.0\bin\x64;C:\ProgramData\ComposerSetup\bin;C:\Program Files (x86)\Northshore\ZendServer\share\ZendFramework\bin;C:\Program Files (x86)\Northshore\ZendServer\bin;C:\Program Files\nodejs\;C:\Program Files\Git\cmd;C:\Program Files (x86)\Heroku\bin;C:\Program Files (x86)\git\cmd;C:\Program Files (x86)\Git\cmd;C:\Users\Maxx\AppData\Roaming\npm
USERNAME=Maxx
OS=Windows_NT
PROCESSOR_IDENTIFIER=Intel64 Family 6 Model 58 Stepping 9, GenuineIntel



---------------  S Y S T E M  ---------------

OS: Windows 8 , 64 bit Build 9200 

CPU:total 4 (2 cores per cpu, 2 threads per core) family 6 model 58 stepping 9, cmov, cx8, fxsr, mmx, sse, sse2, sse3, ssse3, sse4.1, sse4.2, popcnt, avx, ht, tsc, tscinvbit, tscinv

Memory: 4k page, physical 8257932k(319520k free), swap 25552116k(4116k free)

vm_info: Java HotSpot(TM) 64-Bit Server VM (23.3-b01) for windows-amd64 JRE (1.7.0_07-b11), built on Sep  7 2012 01:19:25 by "java_re" with unknown MS VC++:1600

time: Thu Jul 21 12:45:13 2016
elapsed time: 1 seconds

