#
# There is insufficient memory for the Java Runtime Environment to continue.
# Native memory allocation (malloc) failed to allocate 32744 bytes for ChunkPool::allocate
# Possible reasons:
#   The system is out of physical RAM or swap space
#   In 32 bit mode, the process size limit was hit
# Possible solutions:
#   Reduce memory load on the system
#   Increase physical memory or swap space
#   Check if swap backing store is full
#   Use 64 bit Java on a 64 bit OS
#   Decrease Java heap size (-Xmx/-Xms)
#   Decrease number of Java threads
#   Decrease Java thread stack sizes (-Xss)
#   Set larger code cache with -XX:ReservedCodeCacheSize=
# This output file may be truncated or incomplete.
#
#  Out of Memory Error (allocation.cpp:222), pid=10064, tid=2564
#
# JRE version: 7.0_07-b11
# Java VM: Java HotSpot(TM) 64-Bit Server VM (23.3-b01 mixed mode windows-amd64 compressed oops)
# Failed to write core dump. Minidumps are not enabled by default on client versions of Windows
#

---------------  T H R E A D  ---------------

Current thread (0x00000000094af000):  JavaThread "C2 CompilerThread0" daemon [_thread_in_native, id=2564, stack(0x000000000aa60000,0x000000000ab60000)]

Stack: [0x000000000aa60000,0x000000000ab60000]

Current CompileTask:
C2:   2297  136             com.android.dx.ssa.SsaRenamer$BlockRenamer::process (191 bytes)


---------------  P R O C E S S  ---------------

Java Threads: ( => current thread )
  0x000000000af5d000 JavaThread "pool-2-thread-4" [_thread_in_Java, id=8352, stack(0x000000000b660000,0x000000000b760000)]
  0x000000000af5c800 JavaThread "pool-2-thread-3" [_thread_in_Java, id=2576, stack(0x000000000b560000,0x000000000b660000)]
  0x000000000af62000 JavaThread "pool-2-thread-2" [_thread_in_Java, id=10408, stack(0x000000000b460000,0x000000000b560000)]
  0x000000000af59800 JavaThread "pool-3-thread-1" [_thread_blocked, id=3920, stack(0x000000000b360000,0x000000000b460000)]
  0x00000000094f6000 JavaThread "pool-2-thread-1" [_thread_in_Java, id=9992, stack(0x000000000b260000,0x000000000b360000)]
  0x00000000094c1000 JavaThread "Service Thread" daemon [_thread_blocked, id=1020, stack(0x000000000ac60000,0x000000000ad60000)]
  0x00000000094b9000 JavaThread "C2 CompilerThread1" daemon [_thread_in_native, id=11992, stack(0x000000000ab60000,0x000000000ac60000)]
=>0x00000000094af000 JavaThread "C2 CompilerThread0" daemon [_thread_in_native, id=2564, stack(0x000000000aa60000,0x000000000ab60000)]
  0x00000000094ae000 JavaThread "Attach Listener" daemon [_thread_blocked, id=3816, stack(0x000000000a960000,0x000000000aa60000)]
  0x00000000094aa800 JavaThread "Signal Dispatcher" daemon [_thread_blocked, id=10148, stack(0x000000000a860000,0x000000000a960000)]
  0x0000000009446800 JavaThread "Finalizer" daemon [_thread_blocked, id=8520, stack(0x000000000a760000,0x000000000a860000)]
  0x000000000943d800 JavaThread "Reference Handler" daemon [_thread_blocked, id=1256, stack(0x000000000a660000,0x000000000a760000)]
  0x0000000002eb0800 JavaThread "main" [_thread_blocked, id=4984, stack(0x0000000002db0000,0x0000000002eb0000)]

Other Threads:
  0x0000000009436000 VMThread [stack: 0x000000000a560000,0x000000000a660000] [id=13276]
  0x00000000094ce000 WatcherThread [stack: 0x000000000ad60000,0x000000000ae60000] [id=2732]

VM state:not at safepoint (normal execution)

VM Mutex/Monitor currently owned by a thread: None

Heap
 PSYoungGen      total 37632K, used 20712K [0x00000000eaab0000, 0x00000000ed4b0000, 0x0000000100000000)
  eden space 32256K, 64% used [0x00000000eaab0000,0x00000000ebeea258,0x00000000eca30000)
  from space 5376K, 0% used [0x00000000ecf70000,0x00000000ecf70000,0x00000000ed4b0000)
  to   space 5376K, 0% used [0x00000000eca30000,0x00000000eca30000,0x00000000ecf70000)
 ParOldGen       total 86080K, used 0K [0x00000000c0000000, 0x00000000c5410000, 0x00000000eaab0000)
  object space 86080K, 0% used [0x00000000c0000000,0x00000000c0000000,0x00000000c5410000)
 PSPermGen       total 21248K, used 5396K [0x00000000bae00000, 0x00000000bc2c0000, 0x00000000c0000000)
  object space 21248K, 25% used [0x00000000bae00000,0x00000000bb345108,0x00000000bc2c0000)

Card table byte_map: [0x0000000006070000,0x00000000062a0000] byte_map_base: 0x0000000005a99000

Polling page: 0x0000000002c50000

Code Cache  [0x0000000002fb0000, 0x0000000003220000, 0x0000000005fb0000)
 total_blobs=347 nmethods=134 adapters=164 free_code_cache=48564Kb largest_free_block=49707008

Compilation events (10 events):
Event: 2.227 Thread 0x00000000094af000  130             com.android.dx.rop.code.RegisterSpecList::set (7 bytes)
Event: 2.229 Thread 0x00000000094af000 nmethod 130 0x0000000003044450 code [0x00000000030445a0, 0x0000000003044698]
Event: 2.249 Thread 0x00000000094b9000  131   !         com.android.dx.cf.code.Ropper::processBlock (1101 bytes)
Event: 2.253 Thread 0x00000000094af000  132             com.android.dx.ssa.RegisterMapper::map (63 bytes)
Event: 2.267 Thread 0x00000000094af000 nmethod 132 0x00000000030198d0 code [0x0000000003019a80, 0x000000000301a078]
Event: 2.268 Thread 0x00000000094af000  134             com.android.dx.util.BitIntSet::ensureCapacity (51 bytes)
Event: 2.270 Thread 0x00000000094af000 nmethod 134 0x0000000003042750 code [0x00000000030428a0, 0x0000000003042a58]
Event: 2.271 Thread 0x00000000094af000  135             com.android.dx.util.Bits::set (38 bytes)
Event: 2.272 Thread 0x00000000094af000 nmethod 135 0x0000000003044110 code [0x0000000003044240, 0x0000000003044318]
Event: 2.272 Thread 0x00000000094af000  136             com.android.dx.ssa.SsaRenamer$BlockRenamer::process (191 bytes)

GC Heap History (0 events):
No events

Deoptimization events (2 events):
Event: 1.223 Thread 0x000000000af62000 Uncommon trap -12 fr.pc 0x0000000003024eb4
Event: 1.512 Thread 0x000000000af5d000 Uncommon trap -12 fr.pc 0x000000000302a838

Internal exceptions (10 events):
Event: 1.030 Thread 0x000000000af5d000 Threw 0x00000000eb4ae650 at C:\jdk7u1_64p\jdk7u7\hotspot\src\share\vm\prims\jvm.cpp:1166
Event: 1.032 Thread 0x000000000af5d000 Threw 0x00000000eb4b4678 at C:\jdk7u1_64p\jdk7u7\hotspot\src\share\vm\prims\jvm.cpp:1166
Event: 1.033 Thread 0x00000000094f6000 Threw 0x00000000eb337888 at C:\jdk7u1_64p\jdk7u7\hotspot\src\share\vm\prims\jvm.cpp:1166
Event: 1.072 Thread 0x00000000094f6000 Threw 0x00000000eb3636f0 at C:\jdk7u1_64p\jdk7u7\hotspot\src\share\vm\prims\jvm.cpp:1166
Event: 1.074 Thread 0x000000000af5c800 Threw 0x00000000eb5807e0 at C:\jdk7u1_64p\jdk7u7\hotspot\src\share\vm\prims\jvm.cpp:1166
Event: 1.188 Thread 0x000000000af5d000 Threw 0x00000000eb6b8ad8 at C:\jdk7u1_64p\jdk7u7\hotspot\src\share\vm\prims\jvm.cpp:1166
Event: 1.201 Thread 0x000000000af5d000 Threw 0x00000000eb6be320 at C:\jdk7u1_64p\jdk7u7\hotspot\src\share\vm\prims\jvm.cpp:1166
Event: 1.202 Thread 0x000000000af5d000 Threw 0x00000000eb6c3900 at C:\jdk7u1_64p\jdk7u7\hotspot\src\share\vm\prims\jvm.cpp:1166
Event: 1.222 Thread 0x000000000af62000 Implicit null exception at 0x0000000003024b42 to 0x0000000003024e9d
Event: 1.512 Thread 0x000000000af5d000 Implicit null exception at 0x0000000003029f74 to 0x000000000302a81d

Events (10 events):
Event: 1.202 loading class 0x000000000b0727d0
Event: 1.202 loading class 0x000000000b0727d0 done
Event: 1.223 Thread 0x000000000af62000 DEOPT PACKING pc=0x0000000003024eb4 sp=0x000000000b55e720
Event: 1.223 Thread 0x000000000af62000 DEOPT UNPACKING pc=0x0000000002fe9164 sp=0x000000000b55e670 mode 2
Event: 1.229 loading class 0x000000000946ad90
Event: 1.230 loading class 0x000000000946ad90 done
Event: 1.512 Thread 0x000000000af5d000 DEOPT PACKING pc=0x000000000302a838 sp=0x000000000b75e7c0
Event: 1.512 Thread 0x000000000af5d000 DEOPT UNPACKING pc=0x0000000002fe9164 sp=0x000000000b75e550 mode 2
Event: 1.803 loading class 0x000000000938c540
Event: 1.803 loading class 0x000000000938c540 done


Dynamic libraries:
