#
# There is insufficient memory for the Java Runtime Environment to continue.
# Native memory allocation (malloc) failed to allocate 32784 bytes for Chunk::new
# Possible reasons:
#   The system is out of physical RAM or swap space
#   In 32 bit mode, the process size limit was hit
# Possible solutions:
#   Reduce memory load on the system
#   Increase physical memory or swap space
#   Check if swap backing store is full
#   Use 64 bit Java on a 64 bit OS
#   Decrease Java heap size (-Xmx/-Xms)
#   Decrease number of Java threads
#   Decrease Java thread stack sizes (-Xss)
#   Set larger code cache with -XX:ReservedCodeCacheSize=
# This output file may be truncated or incomplete.
#
#  Out of Memory Error (allocation.cpp:328), pid=6472, tid=3948
#
# JRE version: 7.0_07-b11
# Java VM: Java HotSpot(TM) 64-Bit Server VM (23.3-b01 mixed mode windows-amd64 compressed oops)
# Failed to write core dump. Minidumps are not enabled by default on client versions of Windows
#

---------------  T H R E A D  ---------------

Current thread (0x000000000896b000):  JavaThread "C2 CompilerThread1" daemon [_thread_in_native, id=3948, stack(0x000000000a010000,0x000000000a110000)]

Stack: [0x000000000a010000,0x000000000a110000]

Current CompileTask:
C2:   5107  214             com.android.dx.ssa.SCCP::run (298 bytes)


---------------  P R O C E S S  ---------------

Java Threads: ( => current thread )
  0x000000000a439800 JavaThread "pool-2-thread-4" [_thread_in_Java, id=11124, stack(0x000000000ab10000,0x000000000ac10000)]
  0x000000000a438800 JavaThread "pool-2-thread-3" [_thread_in_Java, id=13144, stack(0x000000000aa10000,0x000000000ab10000)]
  0x000000000a4a6000 JavaThread "pool-2-thread-2" [_thread_in_Java, id=1136, stack(0x000000000a910000,0x000000000aa10000)]
  0x000000000a4a5000 JavaThread "pool-3-thread-1" [_thread_blocked, id=11944, stack(0x000000000a810000,0x000000000a910000)]
  0x000000000a50c000 JavaThread "pool-2-thread-1" [_thread_blocked, id=1740, stack(0x000000000a710000,0x000000000a810000)]
  0x000000000896f000 JavaThread "Service Thread" daemon [_thread_blocked, id=8760, stack(0x000000000a110000,0x000000000a210000)]
=>0x000000000896b000 JavaThread "C2 CompilerThread1" daemon [_thread_in_native, id=3948, stack(0x000000000a010000,0x000000000a110000)]
  0x000000000895f000 JavaThread "C2 CompilerThread0" daemon [_thread_in_native, id=12696, stack(0x0000000009f10000,0x000000000a010000)]
  0x000000000895e000 JavaThread "Attach Listener" daemon [_thread_blocked, id=8820, stack(0x0000000009e10000,0x0000000009f10000)]
  0x000000000895a800 JavaThread "Signal Dispatcher" daemon [_thread_blocked, id=13772, stack(0x0000000009d10000,0x0000000009e10000)]
  0x00000000088f6800 JavaThread "Finalizer" daemon [_thread_blocked, id=5476, stack(0x0000000009c10000,0x0000000009d10000)]
  0x00000000088ef800 JavaThread "Reference Handler" daemon [_thread_blocked, id=11536, stack(0x0000000009b10000,0x0000000009c10000)]
  0x000000000094e000 JavaThread "main" [_thread_blocked, id=13016, stack(0x0000000002350000,0x0000000002450000)]

Other Threads:
  0x00000000088e6000 VMThread [stack: 0x0000000009a10000,0x0000000009b10000] [id=6484]
  0x000000000897c000 WatcherThread [stack: 0x000000000a210000,0x000000000a310000] [id=8612]

VM state:not at safepoint (normal execution)

VM Mutex/Monitor currently owned by a thread: None

Heap
 PSYoungGen      total 37632K, used 9032K [0x00000000eaab0000, 0x00000000ed4b0000, 0x0000000100000000)
  eden space 32256K, 12% used [0x00000000eaab0000,0x00000000eaea3a00,0x00000000eca30000)
  from space 5376K, 99% used [0x00000000eca30000,0x00000000ecf6a748,0x00000000ecf70000)
  to   space 5376K, 0% used [0x00000000ecf70000,0x00000000ecf70000,0x00000000ed4b0000)
 ParOldGen       total 86080K, used 737K [0x00000000c0000000, 0x00000000c5410000, 0x00000000eaab0000)
  object space 86080K, 0% used [0x00000000c0000000,0x00000000c00b86e8,0x00000000c5410000)
 PSPermGen       total 21248K, used 5922K [0x00000000bae00000, 0x00000000bc2c0000, 0x00000000c0000000)
  object space 21248K, 27% used [0x00000000bae00000,0x00000000bb3c8af8,0x00000000bc2c0000)

Card table byte_map: [0x0000000005550000,0x0000000005780000] byte_map_base: 0x0000000004f79000

Polling page: 0x0000000000910000

Code Cache  [0x0000000002550000, 0x00000000027c0000, 0x0000000005550000)
 total_blobs=447 nmethods=212 adapters=186 free_code_cache=48332Kb largest_free_block=49460480

Compilation events (10 events):
Event: 4.677 Thread 0x000000000895f000  209             java.util.concurrent.atomic.AtomicLong::compareAndSet (13 bytes)
Event: 4.677 Thread 0x000000000895f000 nmethod 209 0x000000000261d4d0 code [0x000000000261d600, 0x000000000261d658]
Event: 4.677 Thread 0x000000000896b000  210             java.util.Random::next (47 bytes)
Event: 4.679 Thread 0x000000000896b000 nmethod 210 0x000000000261d210 code [0x000000000261d340, 0x000000000261d418]
Event: 4.682 Thread 0x000000000895f000  211             com.android.dx.rop.code.InsnList::set (7 bytes)
Event: 4.683 Thread 0x000000000895f000 nmethod 211 0x000000000260e290 code [0x000000000260e3e0, 0x000000000260e4d8]
Event: 4.688 Thread 0x000000000896b000  212             com.android.dx.rop.code.RegisterSpecSet::size (49 bytes)
Event: 4.691 Thread 0x000000000896b000 nmethod 212 0x000000000260df50 code [0x000000000260e080, 0x000000000260e1d8]
Event: 5.093 Thread 0x000000000895f000  213             com.android.dx.ssa.SsaRenamer$BlockRenamer::process (191 bytes)
Event: 5.097 Thread 0x000000000896b000  214             com.android.dx.ssa.SCCP::run (298 bytes)

GC Heap History (2 events):
Event: 4.296 GC heap before
{Heap before GC invocations=1 (full 0):
 PSYoungGen      total 37632K, used 32256K [0x00000000eaab0000, 0x00000000ed4b0000, 0x0000000100000000)
  eden space 32256K, 100% used [0x00000000eaab0000,0x00000000eca30000,0x00000000eca30000)
  from space 5376K, 0% used [0x00000000ecf70000,0x00000000ecf70000,0x00000000ed4b0000)
  to   space 5376K, 0% used [0x00000000eca30000,0x00000000eca30000,0x00000000ecf70000)
 ParOldGen       total 86080K, used 0K [0x00000000c0000000, 0x00000000c5410000, 0x00000000eaab0000)
  object space 86080K, 0% used [0x00000000c0000000,0x00000000c0000000,0x00000000c5410000)
 PSPermGen       total 21248K, used 5890K [0x00000000bae00000, 0x00000000bc2c0000, 0x00000000c0000000)
  object space 21248K, 27% used [0x00000000bae00000,0x00000000bb3c0b30,0x00000000bc2c0000)
Event: 4.596 GC heap after
Heap after GC invocations=1 (full 0):
 PSYoungGen      total 37632K, used 5353K [0x00000000eaab0000, 0x00000000ed4b0000, 0x0000000100000000)
  eden space 32256K, 0% used [0x00000000eaab0000,0x00000000eaab0000,0x00000000eca30000)
  from space 5376K, 99% used [0x00000000eca30000,0x00000000ecf6a748,0x00000000ecf70000)
  to   space 5376K, 0% used [0x00000000ecf70000,0x00000000ecf70000,0x00000000ed4b0000)
 ParOldGen       total 86080K, used 737K [0x00000000c0000000, 0x00000000c5410000, 0x00000000eaab0000)
  object space 86080K, 0% used [0x00000000c0000000,0x00000000c00b86e8,0x00000000c5410000)
 PSPermGen       total 21248K, used 5890K [0x00000000bae00000, 0x00000000bc2c0000, 0x00000000c0000000)
  object space 21248K, 27% used [0x00000000bae00000,0x00000000bb3c0b30,0x00000000bc2c0000)
}

Deoptimization events (2 events):
Event: 2.647 Thread 0x000000000a438800 Uncommon trap -12 fr.pc 0x00000000025cfe6c
Event: 3.907 Thread 0x000000000094e000 Uncommon trap -12 fr.pc 0x0000000002612d00

Internal exceptions (10 events):
Event: 1.924 Thread 0x000000000a438800 Threw 0x00000000eb950048 at C:\jdk7u1_64p\jdk7u7\hotspot\src\share\vm\prims\jvm.cpp:1166
Event: 1.926 Thread 0x000000000a438800 Threw 0x00000000eb955628 at C:\jdk7u1_64p\jdk7u7\hotspot\src\share\vm\prims\jvm.cpp:1166
Event: 1.967 Thread 0x000000000a4a6000 Threw 0x00000000eb542018 at C:\jdk7u1_64p\jdk7u7\hotspot\src\share\vm\prims\jvm.cpp:1166
Event: 2.217 Thread 0x000000000a4a6000 Threw 0x00000000eba8d570 at C:\jdk7u1_64p\jdk7u7\hotspot\src\share\vm\prims\jvm.cpp:1166
Event: 2.238 Thread 0x000000000a4a6000 Threw 0x00000000ebab5578 at C:\jdk7u1_64p\jdk7u7\hotspot\src\share\vm\prims\jvm.cpp:1166
Event: 2.606 Thread 0x000000000a4a6000 Threw 0x00000000ebafb718 at C:\jdk7u1_64p\jdk7u7\hotspot\src\share\vm\prims\jvm.cpp:1166
Event: 2.647 Thread 0x000000000a438800 Implicit null exception at 0x00000000025cfad8 to 0x00000000025cfe59
Event: 3.255 Thread 0x000000000a4a6000 Threw 0x00000000ec1de428 at C:\jdk7u1_64p\jdk7u7\hotspot\src\share\vm\prims\jvm.cpp:1166
Event: 3.271 Thread 0x000000000a438800 Threw 0x00000000ec2d4430 at C:\jdk7u1_64p\jdk7u7\hotspot\src\share\vm\prims\jvm.cpp:1166
Event: 3.907 Thread 0x000000000094e000 Implicit null exception at 0x0000000002611b69 to 0x0000000002612cc9

Events (10 events):
Event: 3.255 loading class 0x000000000a520ec0
Event: 3.255 loading class 0x000000000a520ec0 done
Event: 3.270 loading class 0x000000000a4f3ff0
Event: 3.270 loading class 0x000000000a4f3ff0 done
Event: 3.489 loading class 0x0000000008918dd0
Event: 3.489 loading class 0x0000000008918dd0 done
Event: 3.907 Thread 0x000000000094e000 DEOPT PACKING pc=0x0000000002612d00 sp=0x000000000244e710
Event: 3.907 Thread 0x000000000094e000 DEOPT UNPACKING pc=0x0000000002589164 sp=0x000000000244e4a8 mode 2
Event: 3.914 Executing VM operation: ParallelGCFailedAllocation
Event: 4.596 Executing VM operation: ParallelGCFailedAllocation done


Dynamic libraries:
0x00007ff665e70000 - 0x00007ff665ea3000 	C:\Program Files\Java\jdk1.7.0_07\bin\java.exe
0x00007ffbfbb40000 - 0x00007ffbfbd02000 	C:\WINDOWS\SYSTEM32\ntdll.dll
0x00007ffbf9b70000 - 0x00007ffbf9c1d000 	C:\WINDOWS\system32\KERNEL32.DLL
0x00007ffbf8f90000 - 0x00007ffbf916d000 	C:\WINDOWS\system32\KERNELBASE.dll
0x00007ffbfb8c0000 - 0x00007ffbfb966000 	C:\WINDOWS\system32\ADVAPI32.dll
0x00007ffbfb500000 - 0x00007ffbfb59d000 	C:\WINDOWS\system32\msvcrt.dll
0x00007ffbfb340000 - 0x00007ffbfb39b000 	C:\WINDOWS\system32\sechost.dll
0x00007ffbfb3a0000 - 0x00007ffbfb4c6000 	C:\WINDOWS\system32\RPCRT4.dll
0x00007ffbf9c80000 - 0x00007ffbf9dce000 	C:\WINDOWS\system32\USER32.dll
0x00007ffbf96b0000 - 0x00007ffbf9836000 	C:\WINDOWS\system32\GDI32.dll
0x00007ffbed240000 - 0x00007ffbed4b4000 	C:\WINDOWS\WinSxS\amd64_microsoft.windows.common-controls_6595b64144ccf1df_6.0.10240.16384_none_f41f7b285750ef43\COMCTL32.dll
0x00007ffbfb670000 - 0x00007ffbfb6a6000 	C:\WINDOWS\system32\IMM32.DLL
0x00007ffbf91f0000 - 0x00007ffbf934c000 	C:\WINDOWS\system32\MSCTF.dll
0x00000000556a0000 - 0x0000000055771000 	C:\Program Files\Java\jdk1.7.0_07\jre\bin\msvcr100.dll
0x0000000055980000 - 0x000000005609f000 	C:\Program Files\Java\jdk1.7.0_07\jre\bin\server\jvm.dll
0x00007ffbfb4d0000 - 0x00007ffbfb4d8000 	C:\WINDOWS\system32\PSAPI.DLL
0x00007ffbebdb0000 - 0x00007ffbebdb9000 	C:\WINDOWS\SYSTEM32\WSOCK32.dll
0x00007ffbf6ae0000 - 0x00007ffbf6b03000 	C:\WINDOWS\SYSTEM32\WINMM.dll
0x00007ffbfb5a0000 - 0x00007ffbfb609000 	C:\WINDOWS\system32\WS2_32.dll
0x00007ffbf91d0000 - 0x00007ffbf91d8000 	C:\WINDOWS\system32\NSI.dll
0x00007ffbf67d0000 - 0x00007ffbf67fc000 	C:\WINDOWS\SYSTEM32\WINMMBASE.dll
0x00007ffbf85d0000 - 0x00007ffbf8614000 	C:\WINDOWS\system32\cfgmgr32.dll
0x00007ffbf6e00000 - 0x00007ffbf6e27000 	C:\WINDOWS\SYSTEM32\DEVOBJ.dll
0x0000000057130000 - 0x000000005713f000 	C:\Program Files\Java\jdk1.7.0_07\jre\bin\verify.dll
0x0000000057100000 - 0x0000000057128000 	C:\Program Files\Java\jdk1.7.0_07\jre\bin\java.dll
0x00000000570e0000 - 0x00000000570f5000 	C:\Program Files\Java\jdk1.7.0_07\jre\bin\zip.dll
0x00000000570c0000 - 0x00000000570d9000 	C:\Program Files\Java\jdk1.7.0_07\jre\bin\net.dll
0x00007ffbf7d40000 - 0x00007ffbf7d9d000 	C:\WINDOWS\system32\mswsock.dll
0x00000000570a0000 - 0x00000000570b1000 	C:\Program Files\Java\jdk1.7.0_07\jre\bin\nio.dll

VM Arguments:
jvm_args: -Djava.awt.headless=true -Xmx1024M -Dfile.encoding=windows-1252 -Duser.country=US -Duser.language=en -Duser.variant 
java_command: com.android.dx.command.Main --dex --force-jumbo --num-threads=4 --multi-dex --output E:\CrysoftDynamics\Projects\Tobias\app\build\intermediates\transforms\dex\debug\folders\1000\10\com.android.support-appcompat-v7-23.3.0_04d13ecddfdbbab0522014d2af5cc9208203f551 E:\CrysoftDynamics\Projects\Tobias\app\build\intermediates\exploded-aar\com.android.support\appcompat-v7\23.3.0\jars\classes.jar
Launcher Type: SUN_STANDARD

Environment Variables:
PATH=C:\Python27\;C:\Python27\Scripts;C:\Program Files (x86)\NVIDIA Corporation\PhysX\Common;C:\Program Files (x86)\Intel\iCLS Client\;C:\Program Files\Intel\iCLS Client\;C:\WINDOWS\system32;C:\WINDOWS;C:\WINDOWS\System32\Wbem;C:\WINDOWS\System32\WindowsPowerShell\v1.0\;C:\Program Files (x86)\Intel\OpenCL SDK\2.0\bin\x86;C:\Program Files (x86)\Intel\OpenCL SDK\2.0\bin\x64;C:\Program Files\Intel\Intel(R) Management Engine Components\DAL;C:\Program Files\Intel\Intel(R) Management Engine Components\IPT;C:\Program Files (x86)\Intel\Intel(R) Management Engine Components\DAL;C:\Program Files (x86)\Intel\Intel(R) Management Engine Components\IPT;C:\Program Files\Sony\VAIO Improvement\;C:\Program Files (x86)\Sony\VAIO Startup Setting Tool;C:\Program Files (x86)\Intel\OpenCL SDK\2.0\bin\x86;C:\Program Files (x86)\Intel\OpenCL SDK\2.0\bin\x64;C:\ProgramData\ComposerSetup\bin;C:\Program Files (x86)\Northshore\ZendServer\share\ZendFramework\bin;C:\Program Files (x86)\Northshore\ZendServer\bin;C:\Program Files\nodejs\;C:\Program Files\Git\cmd;C:\Program Files (x86)\Heroku\bin;C:\Program Files (x86)\git\cmd;C:\Program Files (x86)\Git\cmd;C:\Users\Maxx\AppData\Roaming\npm
USERNAME=Maxx
OS=Windows_NT
PROCESSOR_IDENTIFIER=Intel64 Family 6 Model 58 Stepping 9, GenuineIntel



---------------  S Y S T E M  ---------------

OS: Windows 8 , 64 bit