#
# There is insufficient memory for the Java Runtime Environment to continue.
# Native memory allocation (malloc) failed to allocate 1435536 bytes for Chunk::new
# Possible reasons:
#   The system is out of physical RAM or swap space
#   In 32 bit mode, the process size limit was hit
# Possible solutions:
#   Reduce memory load on the system
#   Increase physical memory or swap space
#   Check if swap backing store is full
#   Use 64 bit Java on a 64 bit OS
#   Decrease Java heap size (-Xmx/-Xms)
#   Decrease number of Java threads
#   Decrease Java thread stack sizes (-Xss)
#   Set larger code cache with -XX:ReservedCodeCacheSize=
# This output file may be truncated or incomplete.
#
#  Out of Memory Error (allocation.cpp:328), pid=8436, tid=4324
#
# JRE version: 7.0_07-b11
# Java VM: Java HotSpot(TM) 64-Bit Server VM (23.3-b01 mixed mode windows-amd64 compressed oops)
# Failed to write core dump. Minidumps are not enabled by default on client versions of Windows
#

---------------  T H R E A D  ---------------

Current thread (0x0000000008fbf800):  JavaThread "C2 CompilerThread0" daemon [_thread_in_native, id=4324, stack(0x000000000a580000,0x000000000a680000)]

Stack: [0x000000000a580000,0x000000000a680000]

Current CompileTask:
C2:   4966  240   !         com.android.dx.cf.code.BytecodeArray::parseInstruction (2764 bytes)


---------------  P R O C E S S  ---------------

Java Threads: ( => current thread )
  0x000000000ab3f800 JavaThread "pool-2-thread-4" [_thread_blocked, id=11580, stack(0x000000000b180000,0x000000000b280000)]
  0x000000000ab3e800 JavaThread "pool-2-thread-3" [_thread_in_Java, id=13440, stack(0x000000000b080000,0x000000000b180000)]
  0x000000000ab3b800 JavaThread "pool-2-thread-2" [_thread_blocked, id=8316, stack(0x000000000af80000,0x000000000b080000)]
  0x000000000ab3a800 JavaThread "pool-3-thread-1" [_thread_blocked, id=7536, stack(0x000000000ae80000,0x000000000af80000)]
  0x000000000aa79000 JavaThread "pool-2-thread-1" [_thread_in_vm, id=11396, stack(0x000000000ad80000,0x000000000ae80000)]
  0x0000000008fd3800 JavaThread "Service Thread" daemon [_thread_blocked, id=13476, stack(0x000000000a780000,0x000000000a880000)]
  0x0000000008fc1000 JavaThread "C2 CompilerThread1" daemon [_thread_in_native, id=10392, stack(0x000000000a680000,0x000000000a780000)]
=>0x0000000008fbf800 JavaThread "C2 CompilerThread0" daemon [_thread_in_native, id=4324, stack(0x000000000a580000,0x000000000a680000)]
  0x0000000008fbe000 JavaThread "Attach Listener" daemon [_thread_blocked, id=11876, stack(0x000000000a480000,0x000000000a580000)]
  0x0000000008fbb000 JavaThread "Signal Dispatcher" daemon [_thread_blocked, id=11624, stack(0x000000000a380000,0x000000000a480000)]
  0x0000000008f51000 JavaThread "Finalizer" daemon [_thread_blocked, id=6752, stack(0x000000000a280000,0x000000000a380000)]
  0x0000000008f4d800 JavaThread "Reference Handler" daemon [_thread_blocked, id=6496, stack(0x000000000a180000,0x000000000a280000)]
  0x00000000028ae800 JavaThread "main" [_thread_in_Java, id=4016, stack(0x00000000028f0000,0x00000000029f0000)]

Other Threads:
  0x0000000008f46000 VMThread [stack: 0x000000000a080000,0x000000000a180000] [id=3984]
  0x0000000008fdc000 WatcherThread [stack: 0x000000000a880000,0x000000000a980000] [id=5776]

VM state:not at safepoint (normal execution)

VM Mutex/Monitor currently owned by a thread: None

Heap
 PSYoungGen      total 37632K, used 8425K [0x00000000eaab0000, 0x00000000ed4b0000, 0x0000000100000000)
  eden space 32256K, 9% used [0x00000000eaab0000,0x00000000eadafcb8,0x00000000eca30000)
  from space 5376K, 99% used [0x00000000eca30000,0x00000000ecf6a878,0x00000000ecf70000)
  to   space 5376K, 0% used [0x00000000ecf70000,0x00000000ecf70000,0x00000000ed4b0000)
 ParOldGen       total 86080K, used 1346K [0x00000000c0000000, 0x00000000c5410000, 0x00000000eaab0000)
  object space 86080K, 1% used [0x00000000c0000000,0x00000000c01509d8,0x00000000c5410000)
 PSPermGen       total 21248K, used 5935K [0x00000000bae00000, 0x00000000bc2c0000, 0x00000000c0000000)
  object space 21248K, 27% used [0x00000000bae00000,0x00000000bb3cbed8,0x00000000bc2c0000)

Card table byte_map: [0x0000000005bb0000,0x0000000005de0000] byte_map_base: 0x00000000055d9000

Polling page: 0x0000000000d00000

Code Cache  [0x0000000002af0000, 0x0000000002d60000, 0x0000000005af0000)
 total_blobs=473 nmethods=238 adapters=186 free_code_cache=48227Kb largest_free_block=49364096

Compilation events (10 events):
Event: 4.859 Thread 0x0000000008fbf800 nmethod 235 0x0000000002bbabd0 code [0x0000000002bbad20, 0x0000000002bbae38]
Event: 4.862 Thread 0x0000000008fbf800  236             java.util.Collections$UnmodifiableCollection$1::next (10 bytes)
Event: 4.865 Thread 0x0000000008fbf800 nmethod 236 0x0000000002bd0650 code [0x0000000002bd07c0, 0x0000000002bd0928]
Event: 4.875 Thread 0x0000000008fbf800  237             java.util.ArrayList::remove (77 bytes)
Event: 4.884 Thread 0x0000000008fbf800 nmethod 237 0x0000000002bd2550 code [0x0000000002bd26a0, 0x0000000002bd2a38]
Event: 4.891 Thread 0x0000000008fbf800  238             java.lang.Math::max (11 bytes)
Event: 4.892 Thread 0x0000000008fbf800 nmethod 238 0x0000000002bd03d0 code [0x0000000002bd0500, 0x0000000002bd0558]
Event: 4.896 Thread 0x0000000008fbf800  239             com.android.dx.util.LabeledList::set (45 bytes)
Event: 4.900 Thread 0x0000000008fbf800 nmethod 239 0x0000000002bdbd90 code [0x0000000002bdbf00, 0x0000000002bdc118]
Event: 4.914 Thread 0x0000000008fbf800  240   !         com.android.dx.cf.code.BytecodeArray::parseInstruction (2764 bytes)

GC Heap History (2 events):
Event: 4.338 GC heap before
{Heap before GC invocations=1 (full 0):
 PSYoungGen      total 37632K, used 32256K [0x00000000eaab0000, 0x00000000ed4b0000, 0x0000000100000000)
  eden space 32256K, 100% used [0x00000000eaab0000,0x00000000eca30000,0x00000000eca30000)
  from space 5376K, 0% used [0x00000000ecf70000,0x00000000ecf70000,0x00000000ed4b0000)
  to   space 5376K, 0% used [0x00000000eca30000,0x00000000eca30000,0x00000000ecf70000)
 ParOldGen       total 86080K, used 0K [0x00000000c0000000, 0x00000000c5410000, 0x00000000eaab0000)
  object space 86080K, 0% used [0x00000000c0000000,0x00000000c0000000,0x00000000c5410000)
 PSPermGen       total 21248K, used 5931K [0x00000000bae00000, 0x00000000bc2c0000, 0x00000000c0000000)
  object space 21248K, 27% used [0x00000000bae00000,0x00000000bb3cad08,0x00000000bc2c0000)
Event: 4.789 GC heap after
Heap after GC invocations=1 (full 0):
 PSYoungGen      total 37632K, used 5354K [0x00000000eaab0000, 0x00000000ed4b0000, 0x0000000100000000)
  eden space 32256K, 0% used [0x00000000eaab0000,0x00000000eaab0000,0x00000000eca30000)
  from space 5376K, 99% used [0x00000000eca30000,0x00000000ecf6a878,0x00000000ecf70000)
  to   space 5376K, 0% used [0x00000000ecf70000,0x00000000ecf70000,0x00000000ed4b0000)
 ParOldGen       total 86080K, used 1346K [0x00000000c0000000, 0x00000000c5410000, 0x00000000eaab0000)
  object space 86080K, 1% used [0x00000000c0000000,0x00000000c01509d8,0x00000000c5410000)
 PSPermGen       total 21248K, used 5931K [0x00000000bae00000, 0x00000000bc2c0000, 0x00000000c0000000)
  object space 21248K, 27% used [0x00000000bae00000,0x00000000bb3cad08,0x00000000bc2c0000)
}

Deoptimization events (8 events):
Event: 2.118 Thread 0x000000000ab3f800 Uncommon trap -34 fr.pc 0x0000000002b62a74
Event: 2.118 Thread 0x000000000ab3f800 Uncommon trap -34 fr.pc 0x0000000002b62a74
Event: 2.118 Thread 0x000000000ab3f800 Uncommon trap -34 fr.pc 0x0000000002b62a74
Event: 2.119 Thread 0x000000000ab3f800 Uncommon trap -34 fr.pc 0x0000000002b62a74
Event: 2.141 Thread 0x000000000aa79000 Uncommon trap -12 fr.pc 0x0000000002b6a3d8
Event: 2.438 Thread 0x000000000ab3e800 Uncommon trap -12 fr.pc 0x0000000002b6c0d0
Event: 3.679 Thread 0x000000000ab3f800 Uncommon trap -83 fr.pc 0x0000000002b7f944
Event: 4.313 Thread 0x000000000ab3b800 Uncommon trap -34 fr.pc 0x0000000002ba2da0

Internal exceptions (10 events):
Event: 1.772 Thread 0x00000000028ae800 Threw 0x00000000eb36fff0 at C:\jdk7u1_64p\jdk7u7\hotspot\src\share\vm\prims\jvm.cpp:1166
Event: 1.772 Thread 0x000000000aa79000 Threw 0x00000000eb433020 at C:\jdk7u1_64p\jdk7u7\hotspot\src\share\vm\prims\jvm.cpp:1166
Event: 1.783 Thread 0x00000000028ae800 Threw 0x00000000eb6f09f0 at C:\jdk7u1_64p\jdk7u7\hotspot\src\share\vm\prims\jvm.cpp:1166
Event: 1.828 Thread 0x000000000aa79000 Threw 0x00000000eb466bb0 at C:\jdk7u1_64p\jdk7u7\hotspot\src\share\vm\prims\jvm.cpp:1166
Event: 2.141 Thread 0x000000000aa79000 Implicit null exception at 0x0000000002b6a059 to 0x0000000002b6a3c5
Event: 2.438 Thread 0x000000000ab3e800 Implicit null exception at 0x0000000002b6b8dc to 0x0000000002b6c0b5
Event: 2.485 Thread 0x000000000ab3e800 Threw 0x00000000eb9109f8 at C:\jdk7u1_64p\jdk7u7\hotspot\src\share\vm\prims\jvm.cpp:1166
Event: 2.512 Thread 0x00000000028ae800 Threw 0x00000000eba1f558 at C:\jdk7u1_64p\jdk7u7\hotspot\src\share\vm\prims\jvm.cpp:1166
Event: 3.129 Thread 0x00000000028ae800 Threw 0x00000000ebfd33a8 at C:\jdk7u1_64p\jdk7u7\hotspot\src\share\vm\prims\jvm.cpp:1166
Event: 3.129 Thread 0x00000000028ae800 Threw 0x00000000ebfd59e8 at C:\jdk7u1_64p\jdk7u7\hotspot\src\share\vm\prims\jvm.cpp:1166

Events (10 events):
Event: 3.129 loading class 0x000000000aaaffc0
Event: 3.129 loading class 0x000000000aaaffc0 done
Event: 3.679 Thread 0x000000000ab3f800 DEOPT PACKING pc=0x0000000002b7f944 sp=0x000000000b27e440
Event: 3.679 Thread 0x000000000ab3f800 DEOPT UNPACKING pc=0x0000000002b29164 sp=0x000000000b27e3e0 mode 2
Event: 4.264 Executing VM operation: EnableBiasedLocking
Event: 4.285 Executing VM operation: EnableBiasedLocking done
Event: 4.313 Thread 0x000000000ab3b800 DEOPT PACKING pc=0x0000000002ba2da0 sp=0x000000000b07ea40
Event: 4.313 Thread 0x000000000ab3b800 DEOPT UNPACKING pc=0x0000000002b29164 sp=0x000000000b07e9e8 mode 2
Event: 4.338 Executing VM operation: ParallelGCFailedAllocation
Event: 4.789 Executing VM operation: ParallelGCFailedAllocation done


Dynamic libraries:
0x00007ff665e70000 - 0x00007ff665ea3000 	C:\Program Files\Java\jdk1.7.0_07\bin\java.exe
0x00007ffbfbb40000 - 0x00007ffbfbd02000 	C:\WINDOWS\SYSTEM32\ntdll.dll
0x00007ffbf9b70000 - 0x00007ffbf9c1d000 	C:\WINDOWS\system32\KERNEL32.DLL
0x00007ffbf8f90000 - 0x00007ffbf916d000 	C:\WINDOWS\system32\KERNELBASE.dll
0x00007ffbfb8c0000 - 0x00007ffbfb966000 	C:\WINDOWS\system32\ADVAPI32.dll
0x00007ffbfb500000 - 0x00007ffbfb59d000 	C:\WINDOWS\system32\msvcrt.dll
0x00007ffbfb340000 - 0x00007ffbfb39b000 	C:\WINDOWS\system32\sechost.dll
0x00007ffbfb3a0000 - 0x00007ffbfb4c6000 	C:\WINDOWS\system32\RPCRT4.dll
0x00007ffbf9c80000 - 0x00007ffbf9dce000 	C:\WINDOWS\system32\USER32.dll
0x00007ffbf96b0000 - 0x00007ffbf9836000 	C:\WINDOWS\system32\GDI32.dll
0x00007ffbed240000 - 0x00007ffbed4b4000 	C:\WINDOWS\WinSxS\amd64_microsoft.windows.common-controls_6595b64144ccf1df_6.0.10240.16384_none_f41f7b285750ef43\COMCTL32.dll
0x00007ffbfb670000 - 0x00007ffbfb6a6000 	C:\WINDOWS\system32\IMM32.DLL
0x00007ffbf91f0000 - 0x00007ffbf934c000 	C:\WINDOWS\system32\MSCTF.dll
0x00000000556a0000 - 0x0000000055771000 	C:\Program Files\Java\jdk1.7.0_07\jre\bin\msvcr100.dll
0x0000000055980000 - 0x000000005609f000 	C:\Program Files\Java\jdk1.7.0_07\jre\bin\server\jvm.dll
0x00007ffbfb4d0000 - 0x00007ffbfb4d8000 	C:\WINDOWS\system32\PSAPI.DLL
0x00007ffbebdb0000 - 0x00007ffbebdb9000 	C:\WINDOWS\SYSTEM32\WSOCK32.dll
0x00007ffbf6ae0000 - 0x00007ffbf6b03000 	C:\WINDOWS\SYSTEM32\WINMM.dll
0x00007ffbfb5a0000 - 0x00007ffbfb609000 	C:\WINDOWS\system32\WS2_32.dll
0x00007ffbf91d0000 - 0x00007ffbf91d8000 	C:\WINDOWS\system32\NSI.dll
0x00007ffbf67d0000 - 0x00007ffbf67fc000 	C:\WINDOWS\SYSTEM32\WINMMBASE.dll
0x00007ffbf85d0000 - 0x00007ffbf8614000 	C:\WINDOWS\system32\cfgmgr32.dll
0x00007ffbf6e00000 - 0x00007ffbf6e27000 	C:\WINDOWS\SYSTEM32\DEVOBJ.dll
0x0000000057130000 - 0x000000005713f000 	C:\Program Files\Java\jdk1.7.0_07\jre\bin\verify.dll
0x0000000057100000 - 0x0000000057128000 	C:\Program Files\Java\jdk1.7.0_07\jre\bin\java.dll
0x00000000570e0000 - 0x00000000570f5000 	C:\Program Files\Java\jdk1.7.0_07\jre\bin\zip.dll
0x00000000570c0000 - 0x00000000570d9000 	C:\Program Files\Java\jdk1.7.0_07\jre\bin\net.dll
0x00007ffbf7d40000 - 0x00007ffbf7d9d000 	C:\WINDOWS\system32\mswsock.dll
0x00000000570a0000 - 0x00000000570b1000 	C:\Program Files\Java\jdk1.7.0_07\jre\bin\nio.dll

VM Arguments:
jvm_args: -Djava.awt.headless=true -Xmx1024M -Dfile.encoding=windows-1252 -Duser.country=US -Duser.language=en -Duser.variant 
java_command: com.android.dx.command.Main --dex --force-jumbo --num-threads=4 --multi-dex --output E:\CrysoftDynamics\Projects\Tobias\app\build\intermediates\transforms\dex\debug\folders\1000\10\com.android.support-recyclerview-v7-23.3.0_b180f6472d666dc090823a2d65fc5df43c05b03b E:\CrysoftDynamics\Projects\Tobias\app\build\intermediates\exploded-aar\com.android.support\recyclerview-v7\23.3.0\jars\classes.jar
Launcher Type: SUN_STANDARD

Environment Variables:
PATH=C:\Python27\;C:\Python27\Scripts;C:\Program Files (x86)\NVIDIA Corporation\PhysX\Common;C:\Program Files (x86)\Intel\iCLS Client\;C:\Program Files\Intel\iCLS Client\;C:\WINDOWS\system32;C:\WINDOWS;C:\WINDOWS\System32\Wbem;C:\WINDOWS\System32\WindowsPowerShell\v1.0\;C:\Program Files (x86)\Intel\OpenCL SDK\2.0\bin\x86;C:\Program Files (x86)\Intel\OpenCL SDK\2.0\bin\x64;C:\Program Files\Intel\Intel(R) Management Engine Components\DAL;C:\Program Files\Intel\Intel(R) Management Engine Components\IPT;C:\Program Files (x86)\Intel\Intel(R) Management Engine Components\DAL;C:\Program Files (x86)\Intel\Intel(R) Management Engine Components\IPT;C:\Program Files\Sony\VAIO Improvement\;C:\Program Files (x86)\Sony\VAIO Startup Setting Tool;C:\Program Files (x86)\Intel\OpenCL SDK\2.0\bin\x86;C:\Program Files (x86)\Intel\OpenCL SDK\2.0\bin\x64;C:\ProgramData\ComposerSetup\bin;C:\Program Files (x86)\Northshore\ZendServer\share\ZendFramework\bin;C:\Program Files (x86)\Northshore\ZendServer\bin;C:\Program Files\nodejs\;C:\Program Files\Git\cmd;C:\Program Files (x86)\Heroku\bin;C:\Program Files (x86)\git\cmd;C:\Program Files (x86)\Git\cmd;C:\Users\Maxx\AppData\Roaming\npm
USERNAME=Maxx
OS=Windows_NT
PROCESSOR_IDENTIFIER=Intel64 Family 6 Model 58 Stepping 9, GenuineIntel



---------------  S Y S T E M  ---------------

OS: Windows 8 , 64 bit Build 9200 

CPU:total 4 (2 cores per cpu, 2 threads per core) family 6 model 58 stepping 9, cmov, cx8, fxsr, mmx, sse, sse2, sse3, ssse3, sse4.1, sse4.2, popcnt, avx, ht, tsc, tscinvbit, tscinv

Memory: 4k page, physical 8257932k(452568k free), swap 25552116k(6684k free)

vm_info: Java HotSpot(TM) 64-Bit Server VM (23.3-b01) for windows-amd64 JRE (1.7.0_07-b11), built on Sep  7 2012 01:19:25 by "java_re" with unknown MS VC++:1600

time: Thu Jul 21 12:45:34 2016
elapsed time: 4 seconds

