#
# There is insufficient memory for the Java Runtime Environment to continue.
# Native memory allocation (malloc) failed to allocate 332752 bytes for Chunk::new
# Possible reasons:
#   The system is out of physical RAM or swap space
#   In 32 bit mode, the process size limit was hit
# Possible solutions:
#   Reduce memory load on the system
#   Increase physical memory or swap space
#   Check if swap backing store is full
#   Use 64 bit Java on a 64 bit OS
#   Decrease Java heap size (-Xmx/-Xms)
#   Decrease number of Java threads
#   Decrease Java thread stack sizes (-Xss)
#   Set larger code cache with -XX:ReservedCodeCacheSize=
# This output file may be truncated or incomplete.
#
#  Out of Memory Error (allocation.cpp:328), pid=8756, tid=9308
#
# JRE version: 7.0_07-b11
# Java VM: Java HotSpot(TM) 64-Bit Server VM (23.3-b01 mixed mode windows-amd64 compressed oops)
# Failed to write core dump. Minidumps are not enabled by default on client versions of Windows
#

---------------  T H R E A D  ---------------

Current thread (0x0000000008d91000):  JavaThread "C2 CompilerThread1" daemon [_thread_in_native, id=9308, stack(0x000000000a450000,0x000000000a550000)]

Stack: [0x000000000a450000,0x000000000a550000]

Current CompileTask:
C2:   2647  165             com.android.dx.ssa.LocalVariableExtractor::processBlock (383 bytes)


---------------  P R O C E S S  ---------------

Java Threads: ( => current thread )
  0x000000000a832800 JavaThread "pool-2-thread-4" [_thread_in_Java, id=6268, stack(0x000000000af50000,0x000000000b050000)]
  0x000000000a86b000 JavaThread "pool-2-thread-3" [_thread_in_Java, id=7328, stack(0x000000000ae50000,0x000000000af50000)]
  0x000000000a7e4800 JavaThread "pool-2-thread-2" [_thread_in_Java, id=3768, stack(0x000000000ad50000,0x000000000ae50000)]
  0x000000000a7e3800 JavaThread "pool-3-thread-1" [_thread_blocked, id=3596, stack(0x000000000ac50000,0x000000000ad50000)]
  0x0000000008e4e800 JavaThread "pool-2-thread-1" [_thread_blocked, id=12972, stack(0x000000000ab50000,0x000000000ac50000)]
  0x0000000008d9b000 JavaThread "Service Thread" daemon [_thread_blocked, id=14112, stack(0x000000000a550000,0x000000000a650000)]
=>0x0000000008d91000 JavaThread "C2 CompilerThread1" daemon [_thread_in_native, id=9308, stack(0x000000000a450000,0x000000000a550000)]
  0x0000000008d8f800 JavaThread "C2 CompilerThread0" daemon [_thread_in_native, id=8768, stack(0x000000000a350000,0x000000000a450000)]
  0x0000000008d8e800 JavaThread "Attach Listener" daemon [_thread_blocked, id=11116, stack(0x000000000a250000,0x000000000a350000)]
  0x0000000008d8b000 JavaThread "Signal Dispatcher" daemon [_thread_blocked, id=13628, stack(0x000000000a150000,0x000000000a250000)]
  0x0000000008d26800 JavaThread "Finalizer" daemon [_thread_blocked, id=13032, stack(0x000000000a050000,0x000000000a150000)]
  0x0000000008d1d800 JavaThread "Reference Handler" daemon [_thread_blocked, id=14236, stack(0x0000000009f50000,0x000000000a050000)]
  0x000000000260e800 JavaThread "main" [_thread_blocked, id=12020, stack(0x00000000026c0000,0x00000000027c0000)]

Other Threads:
  0x0000000008d16000 VMThread [stack: 0x0000000009e50000,0x0000000009f50000] [id=11684]
  0x0000000008db6000 WatcherThread [stack: 0x000000000a650000,0x000000000a750000] [id=13892]

VM state:not at safepoint (normal execution)

VM Mutex/Monitor currently owned by a thread: None

Heap
 PSYoungGen      total 37632K, used 24145K [0x00000000eaab0000, 0x00000000ed4b0000, 0x0000000100000000)
  eden space 32256K, 74% used [0x00000000eaab0000,0x00000000ec244620,0x00000000eca30000)
  from space 5376K, 0% used [0x00000000ecf70000,0x00000000ecf70000,0x00000000ed4b0000)
  to   space 5376K, 0% used [0x00000000eca30000,0x00000000eca30000,0x00000000ecf70000)
 ParOldGen       total 86080K, used 0K [0x00000000c0000000, 0x00000000c5410000, 0x00000000eaab0000)
  object space 86080K, 0% used [0x00000000c0000000,0x00000000c0000000,0x00000000c5410000)
 PSPermGen       total 21248K, used 5881K [0x00000000bae00000, 0x00000000bc2c0000, 0x00000000c0000000)
  object space 21248K, 27% used [0x00000000bae00000,0x00000000bb3be788,0x00000000bc2c0000)

Card table byte_map: [0x0000000005980000,0x0000000005bb0000] byte_map_base: 0x00000000053a9000

Polling page: 0x0000000002590000

Code Cache  [0x00000000028c0000, 0x0000000002b30000, 0x00000000058c0000)
 total_blobs=401 nmethods=166 adapters=186 free_code_cache=48487Kb largest_free_block=49617536

Compilation events (10 events):
Event: 2.609 Thread 0x0000000008d91000 nmethod 162 0x000000000292d490 code [0x000000000292d5c0, 0x000000000292d658]
Event: 2.610 Thread 0x0000000008d8f800 nmethod 160 0x000000000292c7d0 code [0x000000000292c960, 0x000000000292cda8]
Event: 2.613 Thread 0x0000000008d91000  163             com.android.dx.ssa.SsaMethod$1::visitNonMoveInsn (26 bytes)
Event: 2.615 Thread 0x0000000008d91000 nmethod 163 0x000000000295b910 code [0x000000000295ba60, 0x000000000295bb58]
Event: 2.616 Thread 0x0000000008d8f800  164             com.android.dx.rop.code.RegisterSpec::withReg (23 bytes)
Event: 2.617 Thread 0x0000000008d8f800 nmethod 164 0x000000000295b690 code [0x000000000295b7e0, 0x000000000295b868]
Event: 2.617 Thread 0x0000000008d91000  165             com.android.dx.ssa.LocalVariableExtractor::processBlock (383 bytes)
Event: 2.617 Thread 0x0000000008d8f800  166   !         com.android.dx.ssa.BasicRegisterMapper::map (44 bytes)
Event: 2.619 Thread 0x0000000008d8f800 nmethod 166 0x000000000295b290 code [0x000000000295b3e0, 0x000000000295b4e8]
Event: 2.619 Thread 0x0000000008d8f800  167             com.android.dx.ssa.SsaMethod::mapRegisters (87 bytes)

GC Heap History (0 events):
No events

Deoptimization events (6 events):
Event: 1.367 Thread 0x000000000a7e4800 Uncommon trap -12 fr.pc 0x0000000002939b68
Event: 1.738 Thread 0x000000000a86b000 Uncommon trap -34 fr.pc 0x00000000029448c8
Event: 1.769 Thread 0x000000000a86b000 Uncommon trap -34 fr.pc 0x00000000029448c8
Event: 1.773 Thread 0x000000000a86b000 Uncommon trap -34 fr.pc 0x00000000029448c8
Event: 1.781 Thread 0x000000000a86b000 Uncommon trap -34 fr.pc 0x00000000029448c8
Event: 1.970 Thread 0x0000000008e4e800 Uncommon trap -34 fr.pc 0x0000000002949510

Internal exceptions (10 events):
Event: 0.847 Thread 0x000000000260e800 Threw 0x00000000eb521580 at C:\jdk7u1_64p\jdk7u7\hotspot\src\share\vm\prims\jvm.cpp:1166
Event: 0.869 Thread 0x000000000a86b000 Threw 0x00000000eb29f720 at C:\jdk7u1_64p\jdk7u7\hotspot\src\share\vm\prims\jvm.cpp:1166
Event: 0.873 Thread 0x000000000a7e4800 Threw 0x00000000eb0d4838 at C:\jdk7u1_64p\jdk7u7\hotspot\src\share\vm\prims\jvm.cpp:1166
Event: 1.076 Thread 0x000000000a7e4800 Threw 0x00000000eb600020 at C:\jdk7u1_64p\jdk7u7\hotspot\src\share\vm\prims\jvm.cpp:1166
Event: 1.077 Thread 0x000000000a7e4800 Threw 0x00000000eb605868 at C:\jdk7u1_64p\jdk7u7\hotspot\src\share\vm\prims\jvm.cpp:1166
Event: 1.077 Thread 0x000000000a7e4800 Threw 0x00000000eb60ae48 at C:\jdk7u1_64p\jdk7u7\hotspot\src\share\vm\prims\jvm.cpp:1166
Event: 1.103 Thread 0x000000000a832800 Threw 0x00000000eb6ed0d8 at C:\jdk7u1_64p\jdk7u7\hotspot\src\share\vm\prims\jvm.cpp:1166
Event: 1.367 Thread 0x000000000a7e4800 Implicit null exception at 0x00000000029397ef to 0x0000000002939b55
Event: 1.765 Thread 0x000000000a86b000 Threw 0x00000000eba39d28 at C:\jdk7u1_64p\jdk7u7\hotspot\src\share\vm\prims\jvm.cpp:1166
Event: 2.121 Thread 0x000000000a86b000 Threw 0x00000000ebc31568 at C:\jdk7u1_64p\jdk7u7\hotspot\src\share\vm\prims\jvm.cpp:1166

Events (10 events):
Event: 1.970 Thread 0x0000000008e4e800 DEOPT PACKING pc=0x0000000002949510 sp=0x000000000ac4e950
Event: 1.970 Thread 0x0000000008e4e800 DEOPT UNPACKING pc=0x00000000028f9164 sp=0x000000000ac4e8f8 mode 2
Event: 2.121 loading class 0x0000000008e48ad0
Event: 2.121 loading class 0x0000000008e48ad0 done
Event: 2.485 loading class 0x0000000008ddf3b0
Event: 2.485 loading class 0x0000000008ddf3b0 done
Event: 2.485 loading class 0x0000000008de1a50
Event: 2.485 loading class 0x0000000008de1a50 done
Event: 2.485 Executing VM operation: Deoptimize
Event: 2.601 Executing VM operation: Deoptimize done


Dynamic libraries:
0x00007ff665e70000 - 0x00007ff665ea3000 	C:\Program Files\Java\jdk1.7.0_07\bin\java.exe
0x00007ffbfbb40000 - 0x00007ffbfbd02000 	C:\WINDOWS\SYSTEM32\ntdll.dll
0x00007ffbf9b70000 - 0x00007ffbf9c1d000 	C:\WINDOWS\system32\KERNEL32.DLL
0x00007ffbf8f90000 - 0x00007ffbf916d000 	C:\WINDOWS\system32\KERNELBASE.dll
0x00007ffbfb8c0000 - 0x00007ffbfb966000 	C:\WINDOWS\system32\ADVAPI32.dll
0x00007ffbfb500000 - 0x00007ffbfb59d000 	C:\WINDOWS\system32\msvcrt.dll
0x00007ffbfb340000 - 0x00007ffbfb39b000 	C:\WINDOWS\system32\sechost.dll
0x00007ffbfb3a0000 - 0x00007ffbfb4c6000 	C:\WINDOWS\system32\RPCRT4.dll
0x00007ffbf9c80000 - 0x00007ffbf9dce000 	C:\WINDOWS\system32\USER32.dll
0x00007ffbf96b0000 - 0x00007ffbf9836000 	C:\WINDOWS\system32\GDI32.dll
0x00007ffbed240000 - 0x00007ffbed4b4000 	C:\WINDOWS\WinSxS\amd64_microsoft.windows.common-controls_6595b64144ccf1df_6.0.10240.16384_none_f41f7b285750ef43\COMCTL32.dll
0x00007ffbfb670000 - 0x00007ffbfb6a6000 	C:\WINDOWS\system32\IMM32.DLL
0x00007ffbf91f0000 - 0x00007ffbf934c000 	C:\WINDOWS\system32\MSCTF.dll
0x00000000556a0000 - 0x0000000055771000 	C:\Program Files\Java\jdk1.7.0_07\jre\bin\msvcr100.dll
0x0000000055980000 - 0x000000005609f000 	C:\Program Files\Java\jdk1.7.0_07\jre\bin\server\jvm.dll
0x00007ffbfb4d0000 - 0x00007ffbfb4d8000 	C:\WINDOWS\system32\PSAPI.DLL
0x00007ffbebdb0000 - 0x00007ffbebdb9000 	C:\WINDOWS\SYSTEM32\WSOCK32.dll
0x00007ffbf6ae0000 - 0x00007ffbf6b03000 	C:\WINDOWS\SYSTEM32\WINMM.dll
0x00007ffbfb5a0000 - 0x00007ffbfb609000 	C:\WINDOWS\system32\WS2_32.dll
0x00007ffbf91d0000 - 0x00007ffbf91d8000 	C:\WINDOWS\system32\NSI.dll
0x0000000002540000 - 0x000000000256c000 	C:\WINDOWS\SYSTEM32\WINMMBASE.dll
0x00007ffbf85d0000 - 0x00007ffbf8614000 	C:\WINDOWS\system32\cfgmgr32.dll
0x00007ffbf6e00000 - 0x00007ffbf6e27000 	C:\WINDOWS\SYSTEM32\DEVOBJ.dll
0x0000000057130000 - 0x000000005713f000 	C:\Program Files\Java\jdk1.7.0_07\jre\bin\verify.dll
0x0000000057100000 - 0x0000000057128000 	C:\Program Files\Java\jdk1.7.0_07\jre\bin\java.dll
0x00000000570e0000 - 0x00000000570f5000 	C:\Program Files\Java\jdk1.7.0_07\jre\bin\zip.dll
0x00000000570c0000 - 0x00000000570d9000 	C:\Program Files\Java\jdk1.7.0_07\jre\bin\net.dll
0x00007ffbf7d40000 - 0x00007ffbf7d9d000 	C:\WINDOWS\system32\mswsock.dll
0x00000000570a0000 - 0x00000000570b1000 	C:\Program Files\Java\jdk1.7.0_07\jre\bin\nio.dll

VM Arguments:
jvm_args: -Djava.awt.headless=true -Xmx1024M -Dfile.encoding=windows-1252 -Duser.country=US -Duser.language=en -Duser.variant 
java_command: com.android.dx.command.Main --dex --force-jumbo --num-threads=4 --multi-dex --output E:\CrysoftDynamics\Projects\Tobias\app\build\intermediates\transforms\dex\debug\folders\1000\10\com.android.support-support-vector-drawable-23.3.0_81e1dd54b2f16c1560b8dc3e1414afb390550a69 E:\CrysoftDynamics\Projects\Tobias\app\build\intermediates\exploded-aar\com.android.support\support-vector-drawable\23.3.0\jars\classes.jar
Launcher Type: SUN_STANDARD

Environment Variables:
PATH=C:\Python27\;C:\Python27\Scripts;C:\Program Files (x86)\NVIDIA Corporation\PhysX\Common;C:\Program Files (x86)\Intel\iCLS Client\;C:\Program Files\Intel\iCLS Client\;C:\WINDOWS\system32;C:\WINDOWS;C:\WINDOWS\System32\Wbem;C:\WINDOWS\System32\WindowsPowerShell\v1.0\;C:\Program Files (x86)\Intel\OpenCL SDK\2.0\bin\x86;C:\Program Files (x86)\Intel\OpenCL SDK\2.0\bin\x64;C:\Program Files\Intel\Intel(R) Management Engine Components\DAL;C:\Program Files\Intel\Intel(R) Management Engine Components\IPT;C:\Program Files (x86)\Intel\Intel(R) Management Engine Components\DAL;C:\Program Files (x86)\Intel\Intel(R) Management Engine Components\IPT;C:\Program Files\Sony\VAIO Improvement\;C:\Program Files (x86)\Sony\VAIO Startup Setting Tool;C:\Program Files (x86)\Intel\OpenCL SDK\2.0\bin\x86;C:\Program Files (x86)\Intel\OpenCL SDK\2.0\bin\x64;C:\ProgramData\ComposerSetup\bin;C:\Program Files (x86)\Northshore\ZendServer\share\ZendFramework\bin;C:\Program Files (x86)\Northshore\ZendServer\bin;C:\Program Files\nodejs\;C:\Program Files\Git\cmd;C:\Program Files (x86)\Heroku\bin;C:\Program Files (x86)\git\cmd;C:\Program Files (x86)\Git\cmd;C:\Users\Maxx\AppData\Roaming\npm
USERNAME=Maxx
OS=Windows_NT
PROCESSOR_IDENTIFIER=Intel64 Family 6 Model 58 Stepping 9, GenuineIntel



---------------  S Y S T E M  ---------------

OS: Windows 8 , 64 bit Build 9200 

CPU:total 4 (2 cores per cpu, 2 threads per core) family 6 model 58 stepping 9, cmov, cx8, fxsr, mmx, sse, sse2, sse3, ssse3, sse4.1, sse4.2, popcnt, avx, ht, tsc, tscinvbit, tscinv

Memory: 4k page, physical 8257932k(555876k free), swap 25552116k(5076k free)

vm_info: Java HotSpot(TM) 64-Bit Server VM (23.3-b01) for windows-amd64 JRE (1.7.0_07-b11), built on Sep  7 2012 01:19:25 by "java_re" with unknown MS VC++:1600

time: Thu Jul 21 12:45:28 2016
elapsed time: 2 seconds

