#
# There is insufficient memory for the Java Runtime Environment to continue.
# Native memory allocation (malloc) failed to allocate 910016 bytes for Chunk::new
# Possible reasons:
#   The system is out of physical RAM or swap space
#   In 32 bit mode, the process size limit was hit
# Possible solutions:
#   Reduce memory load on the system
#   Increase physical memory or swap space
#   Check if swap backing store is full
#   Use 64 bit Java on a 64 bit OS
#   Decrease Java heap size (-Xmx/-Xms)
#   Decrease number of Java threads
#   Decrease Java thread stack sizes (-Xss)
#   Set larger code cache with -XX:ReservedCodeCacheSize=
# This output file may be truncated or incomplete.
#
#  Out of Memory Error (allocation.cpp:328), pid=6892, tid=11944
#
# JRE version: 7.0_07-b11
# Java VM: Java HotSpot(TM) 64-Bit Server VM (23.3-b01 mixed mode windows-amd64 compressed oops)
# Failed to write core dump. Minidumps are not enabled by default on client versions of Windows
#

---------------  T H R E A D  ---------------

Current thread (0x000000000887f000):  JavaThread "C2 CompilerThread0" daemon [_thread_in_native, id=11944, stack(0x0000000009e40000,0x0000000009f40000)]

Stack: [0x0000000009e40000,0x0000000009f40000]

Current CompileTask:
C2:   3528  228   !         com.android.dx.cf.code.RopperMachine::run (1550 bytes)


---------------  P R O C E S S  ---------------

Java Threads: ( => current thread )
  0x000000000a342000 JavaThread "pool-2-thread-4" [_thread_blocked, id=7028, stack(0x000000000aa40000,0x000000000ab40000)]
  0x000000000893e000 JavaThread "pool-2-thread-3" [_thread_in_Java, id=11620, stack(0x000000000a940000,0x000000000aa40000)]
  0x000000000893d800 JavaThread "pool-2-thread-2" [_thread_blocked, id=8172, stack(0x000000000a840000,0x000000000a940000)]
  0x00000000088cd800 JavaThread "pool-3-thread-1" [_thread_blocked, id=14280, stack(0x000000000a740000,0x000000000a840000)]
  0x00000000088c4000 JavaThread "pool-2-thread-1" [_thread_in_vm, id=9876, stack(0x000000000a640000,0x000000000a740000)]
  0x0000000008893000 JavaThread "Service Thread" daemon [_thread_blocked, id=8572, stack(0x000000000a040000,0x000000000a140000)]
  0x0000000008881000 JavaThread "C2 CompilerThread1" daemon [_thread_in_native, id=11880, stack(0x0000000009f40000,0x000000000a040000)]
=>0x000000000887f000 JavaThread "C2 CompilerThread0" daemon [_thread_in_native, id=11944, stack(0x0000000009e40000,0x0000000009f40000)]
  0x000000000887e000 JavaThread "Attach Listener" daemon [_thread_blocked, id=5952, stack(0x0000000009d40000,0x0000000009e40000)]
  0x000000000887a800 JavaThread "Signal Dispatcher" daemon [_thread_blocked, id=2420, stack(0x0000000009c40000,0x0000000009d40000)]
  0x0000000008811000 JavaThread "Finalizer" daemon [_thread_blocked, id=5260, stack(0x0000000009b40000,0x0000000009c40000)]
  0x000000000880d800 JavaThread "Reference Handler" daemon [_thread_blocked, id=9104, stack(0x0000000009a40000,0x0000000009b40000)]
  0x0000000002370800 JavaThread "main" [_thread_blocked, id=13200, stack(0x0000000002270000,0x0000000002370000)]

Other Threads:
  0x0000000008806000 VMThread [stack: 0x0000000009940000,0x0000000009a40000] [id=9324]
  0x000000000889c000 WatcherThread [stack: 0x000000000a140000,0x000000000a240000] [id=12668]

VM state:not at safepoint (normal execution)

VM Mutex/Monitor currently owned by a thread: None

Heap
 PSYoungGen      total 37632K, used 9818K [0x00000000eaab0000, 0x00000000ed4b0000, 0x0000000100000000)
  eden space 32256K, 13% used [0x00000000eaab0000,0x00000000eaf06fa0,0x00000000eca30000)
  from space 5376K, 99% used [0x00000000eca30000,0x00000000ecf6fac8,0x00000000ecf70000)
  to   space 5376K, 0% used [0x00000000ecf70000,0x00000000ecf70000,0x00000000ed4b0000)
 ParOldGen       total 86080K, used 4283K [0x00000000c0000000, 0x00000000c5410000, 0x00000000eaab0000)
  object space 86080K, 4% used [0x00000000c0000000,0x00000000c042efa0,0x00000000c5410000)
 PSPermGen       total 21248K, used 5470K [0x00000000bae00000, 0x00000000bc2c0000, 0x00000000c0000000)
  object space 21248K, 25% used [0x00000000bae00000,0x00000000bb357850,0x00000000bc2c0000)

Card table byte_map: [0x0000000005470000,0x00000000056a0000] byte_map_base: 0x0000000004e99000

Polling page: 0x0000000000a10000

Code Cache  [0x0000000002470000, 0x00000000026e0000, 0x0000000005470000)
 total_blobs=441 nmethods=228 adapters=164 free_code_cache=48220Kb largest_free_block=49353088

Compilation events (10 events):
Event: 2.812 Thread 0x000000000887f000  226             java.lang.String::getChars (62 bytes)
Event: 2.814 Thread 0x000000000887f000 nmethod 226 0x000000000255b8d0 code [0x000000000255ba20, 0x000000000255bb38]
Event: 2.817 Thread 0x0000000008881000  227             java.lang.String::<init> (67 bytes)
Event: 2.821 Thread 0x0000000008881000 nmethod 227 0x0000000002553b50 code [0x0000000002553ca0, 0x0000000002553ef8]
Event: 2.829 Thread 0x000000000887f000  228   !         com.android.dx.cf.code.RopperMachine::run (1550 bytes)
Event: 2.841 Thread 0x0000000008881000  229             java.lang.AbstractStringBuilder::ensureCapacityInternal (16 bytes)
Event: 2.845 Thread 0x0000000008881000 nmethod 229 0x000000000255a850 code [0x000000000255a9a0, 0x000000000255ac18]
Event: 2.853 Thread 0x0000000008881000  230             java.lang.StringBuilder::append (8 bytes)
Event: 2.859 Thread 0x0000000008881000 nmethod 230 0x000000000255cb10 code [0x000000000255cc60, 0x000000000255cff8]
Event: 2.868 Thread 0x0000000008881000  231             com.android.dx.ssa.SCCP::run (298 bytes)

GC Heap History (2 events):
Event: 3.268 GC heap before
{Heap before GC invocations=1 (full 0):
 PSYoungGen      total 37632K, used 32256K [0x00000000eaab0000, 0x00000000ed4b0000, 0x0000000100000000)
  eden space 32256K, 100% used [0x00000000eaab0000,0x00000000eca30000,0x00000000eca30000)
  from space 5376K, 0% used [0x00000000ecf70000,0x00000000ecf70000,0x00000000ed4b0000)
  to   space 5376K, 0% used [0x00000000eca30000,0x00000000eca30000,0x00000000ecf70000)
 ParOldGen       total 86080K, used 0K [0x00000000c0000000, 0x00000000c5410000, 0x00000000eaab0000)
  object space 86080K, 0% used [0x00000000c0000000,0x00000000c0000000,0x00000000c5410000)
 PSPermGen       total 21248K, used 5445K [0x00000000bae00000, 0x00000000bc2c0000, 0x00000000c0000000)
  object space 21248K, 25% used [0x00000000bae00000,0x00000000bb351708,0x00000000bc2c0000)
Event: 3.495 GC heap after
Heap after GC invocations=1 (full 0):
 PSYoungGen      total 37632K, used 5374K [0x00000000eaab0000, 0x00000000ed4b0000, 0x0000000100000000)
  eden space 32256K, 0% used [0x00000000eaab0000,0x00000000eaab0000,0x00000000eca30000)
  from space 5376K, 99% used [0x00000000eca30000,0x00000000ecf6fac8,0x00000000ecf70000)
  to   space 5376K, 0% used [0x00000000ecf70000,0x00000000ecf70000,0x00000000ed4b0000)
 ParOldGen       total 86080K, used 4283K [0x00000000c0000000, 0x00000000c5410000, 0x00000000eaab0000)
  object space 86080K, 4% used [0x00000000c0000000,0x00000000c042efa0,0x00000000c5410000)
 PSPermGen       total 21248K, used 5445K [0x00000000bae00000, 0x00000000bc2c0000, 0x00000000c0000000)
  object space 21248K, 25% used [0x00000000bae00000,0x00000000bb351708,0x00000000bc2c0000)
}

Deoptimization events (7 events):
Event: 1.042 Thread 0x00000000088c4000 Uncommon trap -12 fr.pc 0x00000000024e7d20
Event: 1.262 Thread 0x000000000893e000 Uncommon trap -12 fr.pc 0x00000000024ec6ac
Event: 3.517 Thread 0x000000000a342000 Uncommon trap -83 fr.pc 0x0000000002549e6c
Event: 3.518 Thread 0x000000000a342000 Uncommon trap -34 fr.pc 0x00000000024f79ec
Event: 3.518 Thread 0x000000000a342000 Uncommon trap -34 fr.pc 0x00000000024f79ec
Event: 3.518 Thread 0x000000000a342000 Uncommon trap -34 fr.pc 0x00000000024f79ec
Event: 3.519 Thread 0x000000000a342000 Uncommon trap -34 fr.pc 0x00000000024f79ec

Internal exceptions (10 events):
Event: 0.850 Thread 0x0000000002370800 Threw 0x00000000eb57d850 at C:\jdk7u1_64p\jdk7u7\hotspot\src\share\vm\prims\jvm.cpp:1166
Event: 0.851 Thread 0x000000000a342000 Threw 0x00000000eb47b978 at C:\jdk7u1_64p\jdk7u7\hotspot\src\share\vm\prims\jvm.cpp:1166
Event: 0.920 Thread 0x00000000088c4000 Threw 0x00000000eb29d590 at C:\jdk7u1_64p\jdk7u7\hotspot\src\share\vm\prims\jvm.cpp:1166
Event: 0.921 Thread 0x00000000088c4000 Threw 0x00000000eb2a35b8 at C:\jdk7u1_64p\jdk7u7\hotspot\src\share\vm\prims\jvm.cpp:1166
Event: 0.922 Thread 0x00000000088c4000 Threw 0x00000000eb2a7a70 at C:\jdk7u1_64p\jdk7u7\hotspot\src\share\vm\prims\jvm.cpp:1166
Event: 0.922 Thread 0x00000000088c4000 Threw 0x00000000eb2ad288 at C:\jdk7u1_64p\jdk7u7\hotspot\src\share\vm\prims\jvm.cpp:1166
Event: 0.924 Thread 0x000000000893e000 Threw 0x00000000eb34f3e0 at C:\jdk7u1_64p\jdk7u7\hotspot\src\share\vm\prims\jvm.cpp:1166
Event: 0.925 Thread 0x00000000088c4000 Threw 0x00000000eb2b5bb8 at C:\jdk7u1_64p\jdk7u7\hotspot\src\share\vm\prims\jvm.cpp:1166
Event: 0.925 Thread 0x0000000002370800 Threw 0x00000000eb5822b8 at C:\jdk7u1_64p\jdk7u7\hotspot\src\share\vm\prims\jvm.cpp:1166
Event: 0.926 Thread 0x0000000002370800 Threw 0x00000000eb585b88 at C:\jdk7u1_64p\jdk7u7\hotspot\src\share\vm\prims\jvm.cpp:1166

Events (10 events):
Event: 3.518 Thread 0x000000000a342000 DEOPT PACKING pc=0x00000000024f79ec sp=0x000000000ab3eb00
Event: 3.518 Thread 0x000000000a342000 DEOPT UNPACKING pc=0x00000000024a9164 sp=0x000000000ab3ea70 mode 2
Event: 3.519 Thread 0x000000000a342000 DEOPT PACKING pc=0x00000000024f79ec sp=0x000000000ab3ed00
Event: 3.519 Thread 0x000000000a342000 DEOPT UNPACKING pc=0x00000000024a9164 sp=0x000000000ab3ec70 mode 2
Event: 3.519 loading class 0x00000000088bea40
Event: 3.519 loading class 0x00000000088bea40 done
Event: 3.519 loading class 0x00000000088c9c30
Event: 3.519 loading class 0x00000000088c9c30 done
Event: 3.519 Executing VM operation: Deoptimize
Event: 3.519 Executing VM operation: Deoptimize done


Dynamic libraries:
0x00007ff61d890000 - 0x00007ff61d8c3000 	C:\Program Files\Java\jdk1.7.0_07\bin\java.exe
0x00007ffbfbb40000 - 0x00007ffbfbd02000 	C:\WINDOWS\SYSTEM32\ntdll.dll
0x00007ffbf9b70000 - 0x00007ffbf9c1d000 	C:\WINDOWS\system32\KERNEL32.DLL
0x00007ffbf8f90000 - 0x00007ffbf916d000 	C:\WINDOWS\system32\KERNELBASE.dll
0x00007ffbfb8c0000 - 0x00007ffbfb966000 	C:\WINDOWS\system32\ADVAPI32.dll
0x00007ffbfb500000 - 0x00007ffbfb59d000 	C:\WINDOWS\system32\msvcrt.dll
0x00007ffbfb340000 - 0x00007ffbfb39b000 	C:\WINDOWS\system32\sechost.dll
0x00007ffbfb3a0000 - 0x00007ffbfb4c6000 	C:\WINDOWS\system32\RPCRT4.dll
0x00007ffbf9c80000 - 0x00007ffbf9dce000 	C:\WINDOWS\system32\USER32.dll
0x00007ffbf96b0000 - 0x00007ffbf9836000 	C:\WINDOWS\system32\GDI32.dll
0x00007ffbed240000 - 0x00007ffbed4b4000 	C:\WINDOWS\WinSxS\amd64_microsoft.windows.common-controls_6595b64144ccf1df_6.0.10240.16384_none_f41f7b285750ef43\COMCTL32.dll
0x00007ffbfb670000 - 0x00007ffbfb6a6000 	C:\WINDOWS\system32\IMM32.DLL
0x00007ffbf91f0000 - 0x00007ffbf934c000 	C:\WINDOWS\system32\MSCTF.dll
0x00000000556a0000 - 0x0000000055771000 	C:\Program Files\Java\jdk1.7.0_07\jre\bin\msvcr100.dll
